Requirement already satisfied: alembic==1.8.1 in ./.venv/lib/python3.9/site-packages (from -r requirements.txt (line 9)) (1.8.1)
Requirement already satisfied: bidict==0.22.0 in ./.venv/lib/python3.9/site-packages (from -r requirements.txt (line 10)) (0.22.0)
Requirement already satisfied: click==8.1.3 in ./.venv/lib/python3.9/site-packages (from -r requirements.txt (line 11)) (8.1.3)
Requirement already satisfied: dnspython==1.16.0 in ./.venv/lib/python3.9/site-packages (from -r requirements.txt (line 12)) (1.16.0)
Collecting greenlet==1.1.0 (from -r requirements.txt (line 13))
  Using cached greenlet-1.1.0-cp39-cp39-macosx_12_0_arm64.whl
Collecting gevent==21.12.0 (from -r requirements.txt (line 14))
  Using cached gevent-21.12.0.tar.gz (6.2 MB)
  Installing build dependencies: started
  Installing build dependencies: finished with status 'done'
  Getting requirements to build wheel: started
  Getting requirements to build wheel: finished with status 'done'
  Preparing metadata (pyproject.toml): started
  Preparing metadata (pyproject.toml): finished with status 'done'
Requirement already satisfied: flask-cors==3.0.10 in ./.venv/lib/python3.9/site-packages (from -r requirements.txt (line 15)) (3.0.10)
Requirement already satisfied: flask-login==0.6.2 in ./.venv/lib/python3.9/site-packages (from -r requirements.txt (line 16)) (0.6.2)
Requirement already satisfied: flask-migrate==3.1.0 in ./.venv/lib/python3.9/site-packages (from -r requirements.txt (line 17)) (3.1.0)
Requirement already satisfied: flask-socketio==5.3.1 in ./.venv/lib/python3.9/site-packages (from -r requirements.txt (line 18)) (5.3.1)
Requirement already satisfied: flask-sqlalchemy==3.0.2 in ./.venv/lib/python3.9/site-packages (from -r requirements.txt (line 19)) (3.0.2)
Requirement already satisfied: flask-wtf==1.0.1 in ./.venv/lib/python3.9/site-packages (from -r requirements.txt (line 20)) (1.0.1)
Requirement already satisfied: flask==2.2.2 in ./.venv/lib/python3.9/site-packages (from -r requirements.txt (line 21)) (2.2.2)
Requirement already satisfied: gunicorn==20.1.0 in ./.venv/lib/python3.9/site-packages (from -r requirements.txt (line 22)) (20.1.0)
Requirement already satisfied: importlib-metadata==5.0.0 in ./.venv/lib/python3.9/site-packages (from -r requirements.txt (line 23)) (5.0.0)
Requirement already satisfied: itsdangerous==2.1.2 in ./.venv/lib/python3.9/site-packages (from -r requirements.txt (line 24)) (2.1.2)
Requirement already satisfied: jinja2==3.1.2 in ./.venv/lib/python3.9/site-packages (from -r requirements.txt (line 25)) (3.1.2)
Requirement already satisfied: mako==1.2.3 in ./.venv/lib/python3.9/site-packages (from -r requirements.txt (line 26)) (1.2.3)
Requirement already satisfied: markupsafe==2.1.1 in ./.venv/lib/python3.9/site-packages (from -r requirements.txt (line 27)) (2.1.1)
Requirement already satisfied: python-dateutil==2.8.2 in ./.venv/lib/python3.9/site-packages (from -r requirements.txt (line 28)) (2.8.2)
Requirement already satisfied: python-dotenv==0.21.0 in ./.venv/lib/python3.9/site-packages (from -r requirements.txt (line 29)) (0.21.0)
Requirement already satisfied: python-editor==1.0.4 in ./.venv/lib/python3.9/site-packages (from -r requirements.txt (line 30)) (1.0.4)
Requirement already satisfied: six==1.16.0 in ./.venv/lib/python3.9/site-packages (from -r requirements.txt (line 31)) (1.16.0)
Requirement already satisfied: sqlalchemy==1.4.43 in ./.venv/lib/python3.9/site-packages (from -r requirements.txt (line 32)) (1.4.43)
Requirement already satisfied: werkzeug==2.2.2 in ./.venv/lib/python3.9/site-packages (from -r requirements.txt (line 33)) (2.2.2)
Requirement already satisfied: wtforms==3.0.1 in ./.venv/lib/python3.9/site-packages (from -r requirements.txt (line 34)) (3.0.1)
Requirement already satisfied: python-engineio==4.3.4 in ./.venv/lib/python3.9/site-packages (from -r requirements.txt (line 35)) (4.3.4)
Requirement already satisfied: python-socketio==5.7.2 in ./.venv/lib/python3.9/site-packages (from -r requirements.txt (line 36)) (5.7.2)
Requirement already satisfied: setuptools==65.5.1 in ./.venv/lib/python3.9/site-packages (from -r requirements.txt (line 37)) (65.5.1)
Requirement already satisfied: zipp==3.10.0 in ./.venv/lib/python3.9/site-packages (from -r requirements.txt (line 39)) (3.10.0)
Requirement already satisfied: zope.event in ./.venv/lib/python3.9/site-packages (from gevent==21.12.0->-r requirements.txt (line 14)) (5.0)
Requirement already satisfied: zope.interface in ./.venv/lib/python3.9/site-packages (from gevent==21.12.0->-r requirements.txt (line 14)) (6.4.post2)
Building wheels for collected packages: gevent
  Building wheel for gevent (pyproject.toml): started
  Building wheel for gevent (pyproject.toml): still running...
  Building wheel for gevent (pyproject.toml): finished with status 'error'
  error: subprocess-exited-with-error
  
  × Building wheel for gevent (pyproject.toml) did not run successfully.
  │ exit code: 1
  ╰─> [441 lines of output]
      running bdist_wheel
      running build
      running build_py
      creating build
      creating build/lib.macosx-12.5-arm64-cpython-39
      creating build/lib.macosx-12.5-arm64-cpython-39/gevent
      copying src/gevent/queue.py -> build/lib.macosx-12.5-arm64-cpython-39/gevent
      copying src/gevent/_greenlet_primitives.py -> build/lib.macosx-12.5-arm64-cpython-39/gevent
      copying src/gevent/greenlet.py -> build/lib.macosx-12.5-arm64-cpython-39/gevent
      copying src/gevent/backdoor.py -> build/lib.macosx-12.5-arm64-cpython-39/gevent
      copying src/gevent/time.py -> build/lib.macosx-12.5-arm64-cpython-39/gevent
      copying src/gevent/_semaphore.py -> build/lib.macosx-12.5-arm64-cpython-39/gevent
      copying src/gevent/pywsgi.py -> build/lib.macosx-12.5-arm64-cpython-39/gevent
      copying src/gevent/_tracer.py -> build/lib.macosx-12.5-arm64-cpython-39/gevent
      copying src/gevent/_hub_local.py -> build/lib.macosx-12.5-arm64-cpython-39/gevent
      copying src/gevent/_imap.py -> build/lib.macosx-12.5-arm64-cpython-39/gevent
      copying src/gevent/event.py -> build/lib.macosx-12.5-arm64-cpython-39/gevent
      copying src/gevent/server.py -> build/lib.macosx-12.5-arm64-cpython-39/gevent
      copying src/gevent/thread.py -> build/lib.macosx-12.5-arm64-cpython-39/gevent
      copying src/gevent/_util_py2.py -> build/lib.macosx-12.5-arm64-cpython-39/gevent
      copying src/gevent/signal.py -> build/lib.macosx-12.5-arm64-cpython-39/gevent
      copying src/gevent/_monitor.py -> build/lib.macosx-12.5-arm64-cpython-39/gevent
      copying src/gevent/_ssl3.py -> build/lib.macosx-12.5-arm64-cpython-39/gevent
      copying src/gevent/util.py -> build/lib.macosx-12.5-arm64-cpython-39/gevent
      copying src/gevent/builtins.py -> build/lib.macosx-12.5-arm64-cpython-39/gevent
      copying src/gevent/events.py -> build/lib.macosx-12.5-arm64-cpython-39/gevent
      copying src/gevent/local.py -> build/lib.macosx-12.5-arm64-cpython-39/gevent
      copying src/gevent/threadpool.py -> build/lib.macosx-12.5-arm64-cpython-39/gevent
      copying src/gevent/subprocess.py -> build/lib.macosx-12.5-arm64-cpython-39/gevent
      copying src/gevent/_socketcommon.py -> build/lib.macosx-12.5-arm64-cpython-39/gevent
      copying src/gevent/timeout.py -> build/lib.macosx-12.5-arm64-cpython-39/gevent
      copying src/gevent/os.py -> build/lib.macosx-12.5-arm64-cpython-39/gevent
      copying src/gevent/__init__.py -> build/lib.macosx-12.5-arm64-cpython-39/gevent
      copying src/gevent/_interfaces.py -> build/lib.macosx-12.5-arm64-cpython-39/gevent
      copying src/gevent/selectors.py -> build/lib.macosx-12.5-arm64-cpython-39/gevent
      copying src/gevent/core.py -> build/lib.macosx-12.5-arm64-cpython-39/gevent
      copying src/gevent/_ssl2.py -> build/lib.macosx-12.5-arm64-cpython-39/gevent
      copying src/gevent/fileobject.py -> build/lib.macosx-12.5-arm64-cpython-39/gevent
      copying src/gevent/contextvars.py -> build/lib.macosx-12.5-arm64-cpython-39/gevent
      copying src/gevent/_fileobjectcommon.py -> build/lib.macosx-12.5-arm64-cpython-39/gevent
      copying src/gevent/hub.py -> build/lib.macosx-12.5-arm64-cpython-39/gevent
      copying src/gevent/_socket2.py -> build/lib.macosx-12.5-arm64-cpython-39/gevent
      copying src/gevent/threading.py -> build/lib.macosx-12.5-arm64-cpython-39/gevent
      copying src/gevent/win32util.py -> build/lib.macosx-12.5-arm64-cpython-39/gevent
      copying src/gevent/resolver_ares.py -> build/lib.macosx-12.5-arm64-cpython-39/gevent
      copying src/gevent/baseserver.py -> build/lib.macosx-12.5-arm64-cpython-39/gevent
      copying src/gevent/_waiter.py -> build/lib.macosx-12.5-arm64-cpython-39/gevent
      copying src/gevent/_hub_primitives.py -> build/lib.macosx-12.5-arm64-cpython-39/gevent
      copying src/gevent/_fileobjectposix.py -> build/lib.macosx-12.5-arm64-cpython-39/gevent
      copying src/gevent/_util.py -> build/lib.macosx-12.5-arm64-cpython-39/gevent
      copying src/gevent/ares.py -> build/lib.macosx-12.5-arm64-cpython-39/gevent
      copying src/gevent/lock.py -> build/lib.macosx-12.5-arm64-cpython-39/gevent
      copying src/gevent/_sslgte279.py -> build/lib.macosx-12.5-arm64-cpython-39/gevent
      copying src/gevent/_socket3.py -> build/lib.macosx-12.5-arm64-cpython-39/gevent
      copying src/gevent/monkey.py -> build/lib.macosx-12.5-arm64-cpython-39/gevent
      copying src/gevent/_patcher.py -> build/lib.macosx-12.5-arm64-cpython-39/gevent
      copying src/gevent/_abstract_linkable.py -> build/lib.macosx-12.5-arm64-cpython-39/gevent
      copying src/gevent/exceptions.py -> build/lib.macosx-12.5-arm64-cpython-39/gevent
      copying src/gevent/select.py -> build/lib.macosx-12.5-arm64-cpython-39/gevent
      copying src/gevent/_compat.py -> build/lib.macosx-12.5-arm64-cpython-39/gevent
      copying src/gevent/_threading.py -> build/lib.macosx-12.5-arm64-cpython-39/gevent
      copying src/gevent/_config.py -> build/lib.macosx-12.5-arm64-cpython-39/gevent
      copying src/gevent/ssl.py -> build/lib.macosx-12.5-arm64-cpython-39/gevent
      copying src/gevent/socket.py -> build/lib.macosx-12.5-arm64-cpython-39/gevent
      copying src/gevent/pool.py -> build/lib.macosx-12.5-arm64-cpython-39/gevent
      copying src/gevent/_ident.py -> build/lib.macosx-12.5-arm64-cpython-39/gevent
      copying src/gevent/resolver_thread.py -> build/lib.macosx-12.5-arm64-cpython-39/gevent
      copying src/gevent/_tblib.py -> build/lib.macosx-12.5-arm64-cpython-39/gevent
      creating build/lib.macosx-12.5-arm64-cpython-39/gevent/libuv
      copying src/gevent/libuv/_corecffi_build.py -> build/lib.macosx-12.5-arm64-cpython-39/gevent/libuv
      copying src/gevent/libuv/__init__.py -> build/lib.macosx-12.5-arm64-cpython-39/gevent/libuv
      copying src/gevent/libuv/loop.py -> build/lib.macosx-12.5-arm64-cpython-39/gevent/libuv
      copying src/gevent/libuv/watcher.py -> build/lib.macosx-12.5-arm64-cpython-39/gevent/libuv
      creating build/lib.macosx-12.5-arm64-cpython-39/gevent/tests
      copying src/gevent/tests/test__issue639.py -> build/lib.macosx-12.5-arm64-cpython-39/gevent/tests
      copying src/gevent/tests/test__socket_dns.py -> build/lib.macosx-12.5-arm64-cpython-39/gevent/tests
      copying src/gevent/tests/test__core.py -> build/lib.macosx-12.5-arm64-cpython-39/gevent/tests
      copying src/gevent/tests/test__issue330.py -> build/lib.macosx-12.5-arm64-cpython-39/gevent/tests
      copying src/gevent/tests/test__issue112.py -> build/lib.macosx-12.5-arm64-cpython-39/gevent/tests
      copying src/gevent/tests/test__socket.py -> build/lib.macosx-12.5-arm64-cpython-39/gevent/tests
      copying src/gevent/tests/test__subprocess_poll.py -> build/lib.macosx-12.5-arm64-cpython-39/gevent/tests
      copying src/gevent/tests/test__threading.py -> build/lib.macosx-12.5-arm64-cpython-39/gevent/tests
      copying src/gevent/tests/test__core_async.py -> build/lib.macosx-12.5-arm64-cpython-39/gevent/tests
      copying src/gevent/tests/_imports_at_top_level.py -> build/lib.macosx-12.5-arm64-cpython-39/gevent/tests
      copying src/gevent/tests/test__select.py -> build/lib.macosx-12.5-arm64-cpython-39/gevent/tests
      copying src/gevent/tests/test__iwait.py -> build/lib.macosx-12.5-arm64-cpython-39/gevent/tests
      copying src/gevent/tests/test__socketpair.py -> build/lib.macosx-12.5-arm64-cpython-39/gevent/tests
      copying src/gevent/tests/test__monkey_sigchld.py -> build/lib.macosx-12.5-arm64-cpython-39/gevent/tests
      copying src/gevent/tests/lock_tests.py -> build/lib.macosx-12.5-arm64-cpython-39/gevent/tests
      copying src/gevent/tests/test__core_stat.py -> build/lib.macosx-12.5-arm64-cpython-39/gevent/tests
      copying src/gevent/tests/test__makefile_ref.py -> build/lib.macosx-12.5-arm64-cpython-39/gevent/tests
      copying src/gevent/tests/test__ssl.py -> build/lib.macosx-12.5-arm64-cpython-39/gevent/tests
      copying src/gevent/tests/test__issue1686.py -> build/lib.macosx-12.5-arm64-cpython-39/gevent/tests
      copying src/gevent/tests/test__greenness.py -> build/lib.macosx-12.5-arm64-cpython-39/gevent/tests
      copying src/gevent/tests/test__example_udp_client.py -> build/lib.macosx-12.5-arm64-cpython-39/gevent/tests
      copying src/gevent/tests/test__examples.py -> build/lib.macosx-12.5-arm64-cpython-39/gevent/tests
      copying src/gevent/tests/test__util.py -> build/lib.macosx-12.5-arm64-cpython-39/gevent/tests
      copying src/gevent/tests/test__core_watcher.py -> build/lib.macosx-12.5-arm64-cpython-39/gevent/tests
      copying src/gevent/tests/test__monkey_module_run.py -> build/lib.macosx-12.5-arm64-cpython-39/gevent/tests
      copying src/gevent/tests/test__example_wsgiserver_ssl.py -> build/lib.macosx-12.5-arm64-cpython-39/gevent/tests
      copying src/gevent/tests/test__ares_timeout.py -> build/lib.macosx-12.5-arm64-cpython-39/gevent/tests
      copying src/gevent/tests/test__socket_dns6.py -> build/lib.macosx-12.5-arm64-cpython-39/gevent/tests
      copying src/gevent/tests/test___ident.py -> build/lib.macosx-12.5-arm64-cpython-39/gevent/tests
      copying src/gevent/tests/test__threading_vs_settrace.py -> build/lib.macosx-12.5-arm64-cpython-39/gevent/tests
      copying src/gevent/tests/test__issue230.py -> build/lib.macosx-12.5-arm64-cpython-39/gevent/tests
      copying src/gevent/tests/test__timeout.py -> build/lib.macosx-12.5-arm64-cpython-39/gevent/tests
      copying src/gevent/tests/test__close_backend_fd.py -> build/lib.macosx-12.5-arm64-cpython-39/gevent/tests
      copying src/gevent/tests/test__sleep0.py -> build/lib.macosx-12.5-arm64-cpython-39/gevent/tests
      copying src/gevent/tests/test__monkey_hub_in_thread.py -> build/lib.macosx-12.5-arm64-cpython-39/gevent/tests
      copying src/gevent/tests/test__monkey_futures_thread.py -> build/lib.macosx-12.5-arm64-cpython-39/gevent/tests
      copying src/gevent/tests/test__threading_no_monkey.py -> build/lib.macosx-12.5-arm64-cpython-39/gevent/tests
      copying src/gevent/tests/test__os.py -> build/lib.macosx-12.5-arm64-cpython-39/gevent/tests
      copying src/gevent/tests/test__threading_patched_local.py -> build/lib.macosx-12.5-arm64-cpython-39/gevent/tests
      copying src/gevent/tests/test__all__.py -> build/lib.macosx-12.5-arm64-cpython-39/gevent/tests
      copying src/gevent/tests/test__issue607.py -> build/lib.macosx-12.5-arm64-cpython-39/gevent/tests
      copying src/gevent/tests/test__hub_join.py -> build/lib.macosx-12.5-arm64-cpython-39/gevent/tests
      copying src/gevent/tests/test___monkey_patching.py -> build/lib.macosx-12.5-arm64-cpython-39/gevent/tests
      copying src/gevent/tests/test__import_wait.py -> build/lib.macosx-12.5-arm64-cpython-39/gevent/tests
      copying src/gevent/tests/test__socket_send_memoryview.py -> build/lib.macosx-12.5-arm64-cpython-39/gevent/tests
      copying src/gevent/tests/test__server_pywsgi.py -> build/lib.macosx-12.5-arm64-cpython-39/gevent/tests
      copying src/gevent/tests/test__fileobject.py -> build/lib.macosx-12.5-arm64-cpython-39/gevent/tests
      copying src/gevent/tests/test__monkey_builtins_future.py -> build/lib.macosx-12.5-arm64-cpython-39/gevent/tests
      copying src/gevent/tests/test__monkey_select.py -> build/lib.macosx-12.5-arm64-cpython-39/gevent/tests
      copying src/gevent/tests/_blocks_at_top_level.py -> build/lib.macosx-12.5-arm64-cpython-39/gevent/tests
      copying src/gevent/tests/test__import_blocking_in_greenlet.py -> build/lib.macosx-12.5-arm64-cpython-39/gevent/tests
      copying src/gevent/tests/test__core_callback.py -> build/lib.macosx-12.5-arm64-cpython-39/gevent/tests
      copying src/gevent/tests/test__issue_728.py -> build/lib.macosx-12.5-arm64-cpython-39/gevent/tests
      copying src/gevent/tests/test__monkey_sigchld_2.py -> build/lib.macosx-12.5-arm64-cpython-39/gevent/tests
      copying src/gevent/tests/test__threading_monkey_in_thread.py -> build/lib.macosx-12.5-arm64-cpython-39/gevent/tests
      copying src/gevent/tests/test__example_udp_server.py -> build/lib.macosx-12.5-arm64-cpython-39/gevent/tests
      copying src/gevent/tests/__init__.py -> build/lib.macosx-12.5-arm64-cpython-39/gevent/tests
      copying src/gevent/tests/test__destroy.py -> build/lib.macosx-12.5-arm64-cpython-39/gevent/tests
      copying src/gevent/tests/test__threadpool.py -> build/lib.macosx-12.5-arm64-cpython-39/gevent/tests
      copying src/gevent/tests/test__monkey_sigchld_3.py -> build/lib.macosx-12.5-arm64-cpython-39/gevent/tests
      copying src/gevent/tests/test__monkey.py -> build/lib.macosx-12.5-arm64-cpython-39/gevent/tests
      copying src/gevent/tests/known_failures.py -> build/lib.macosx-12.5-arm64-cpython-39/gevent/tests
      copying src/gevent/tests/_imports_imports_at_top_level.py -> build/lib.macosx-12.5-arm64-cpython-39/gevent/tests
      copying src/gevent/tests/test__subprocess.py -> build/lib.macosx-12.5-arm64-cpython-39/gevent/tests
      copying src/gevent/tests/test__threading_before_monkey.py -> build/lib.macosx-12.5-arm64-cpython-39/gevent/tests
      copying src/gevent/tests/test__api.py -> build/lib.macosx-12.5-arm64-cpython-39/gevent/tests
      copying src/gevent/tests/test__hub_join_timeout.py -> build/lib.macosx-12.5-arm64-cpython-39/gevent/tests
      copying src/gevent/tests/test__monkey_multiple_imports.py -> build/lib.macosx-12.5-arm64-cpython-39/gevent/tests
      copying src/gevent/tests/test__joinall.py -> build/lib.macosx-12.5-arm64-cpython-39/gevent/tests
      copying src/gevent/tests/test__monkey_logging.py -> build/lib.macosx-12.5-arm64-cpython-39/gevent/tests
      copying src/gevent/tests/test__nondefaultloop.py -> build/lib.macosx-12.5-arm64-cpython-39/gevent/tests
      copying src/gevent/tests/test__core_loop_run.py -> build/lib.macosx-12.5-arm64-cpython-39/gevent/tests
      copying src/gevent/tests/test__example_wsgiserver.py -> build/lib.macosx-12.5-arm64-cpython-39/gevent/tests
      copying src/gevent/tests/test__greenletset.py -> build/lib.macosx-12.5-arm64-cpython-39/gevent/tests
      copying src/gevent/tests/test__backdoor.py -> build/lib.macosx-12.5-arm64-cpython-39/gevent/tests
      copying src/gevent/tests/test__GreenletExit.py -> build/lib.macosx-12.5-arm64-cpython-39/gevent/tests
      copying src/gevent/tests/test__refcount.py -> build/lib.macosx-12.5-arm64-cpython-39/gevent/tests
      copying src/gevent/tests/test__refcount_core.py -> build/lib.macosx-12.5-arm64-cpython-39/gevent/tests
      copying src/gevent/tests/test__hub.py -> build/lib.macosx-12.5-arm64-cpython-39/gevent/tests
      copying src/gevent/tests/test__doctests.py -> build/lib.macosx-12.5-arm64-cpython-39/gevent/tests
      copying src/gevent/tests/test__greenlet.py -> build/lib.macosx-12.5-arm64-cpython-39/gevent/tests
      copying src/gevent/tests/test___config.py -> build/lib.macosx-12.5-arm64-cpython-39/gevent/tests
      copying src/gevent/tests/test__resolver_dnspython.py -> build/lib.macosx-12.5-arm64-cpython-39/gevent/tests
      copying src/gevent/tests/_import_wait.py -> build/lib.macosx-12.5-arm64-cpython-39/gevent/tests
      copying src/gevent/tests/test__destroy_default_loop.py -> build/lib.macosx-12.5-arm64-cpython-39/gevent/tests
      copying src/gevent/tests/test__core_timer.py -> build/lib.macosx-12.5-arm64-cpython-39/gevent/tests
      copying src/gevent/tests/test__issues461_471.py -> build/lib.macosx-12.5-arm64-cpython-39/gevent/tests
      copying src/gevent/tests/test__issue6.py -> build/lib.macosx-12.5-arm64-cpython-39/gevent/tests
      copying src/gevent/tests/test__events.py -> build/lib.macosx-12.5-arm64-cpython-39/gevent/tests
      copying src/gevent/tests/test__greenio.py -> build/lib.macosx-12.5-arm64-cpython-39/gevent/tests
      copying src/gevent/tests/test__environ.py -> build/lib.macosx-12.5-arm64-cpython-39/gevent/tests
      copying src/gevent/tests/test__getaddrinfo_import.py -> build/lib.macosx-12.5-arm64-cpython-39/gevent/tests
      copying src/gevent/tests/test__example_webproxy.py -> build/lib.macosx-12.5-arm64-cpython-39/gevent/tests
      copying src/gevent/tests/test__threading_native_before_monkey.py -> build/lib.macosx-12.5-arm64-cpython-39/gevent/tests
      copying src/gevent/tests/test__local.py -> build/lib.macosx-12.5-arm64-cpython-39/gevent/tests
      copying src/gevent/tests/test__api_timeout.py -> build/lib.macosx-12.5-arm64-cpython-39/gevent/tests
      copying src/gevent/tests/test__issue467.py -> build/lib.macosx-12.5-arm64-cpython-39/gevent/tests
      copying src/gevent/tests/test__threading_holding_lock_while_monkey.py -> build/lib.macosx-12.5-arm64-cpython-39/gevent/tests
      copying src/gevent/tests/test__monkey_selectors.py -> build/lib.macosx-12.5-arm64-cpython-39/gevent/tests
      copying src/gevent/tests/test__socket_close.py -> build/lib.macosx-12.5-arm64-cpython-39/gevent/tests
      copying src/gevent/tests/test__pool.py -> build/lib.macosx-12.5-arm64-cpython-39/gevent/tests
      copying src/gevent/tests/test__order.py -> build/lib.macosx-12.5-arm64-cpython-39/gevent/tests
      copying src/gevent/tests/test___monitor.py -> build/lib.macosx-12.5-arm64-cpython-39/gevent/tests
      copying src/gevent/tests/test__issue600.py -> build/lib.macosx-12.5-arm64-cpython-39/gevent/tests
      copying src/gevent/tests/test__memleak.py -> build/lib.macosx-12.5-arm64-cpython-39/gevent/tests
      copying src/gevent/tests/test__execmodules.py -> build/lib.macosx-12.5-arm64-cpython-39/gevent/tests
      copying src/gevent/tests/test__contextvars.py -> build/lib.macosx-12.5-arm64-cpython-39/gevent/tests
      copying src/gevent/tests/test__example_portforwarder.py -> build/lib.macosx-12.5-arm64-cpython-39/gevent/tests
      copying src/gevent/tests/test__systemerror.py -> build/lib.macosx-12.5-arm64-cpython-39/gevent/tests
      copying src/gevent/tests/test__exc_info.py -> build/lib.macosx-12.5-arm64-cpython-39/gevent/tests
      copying src/gevent/tests/test__socket_ex.py -> build/lib.macosx-12.5-arm64-cpython-39/gevent/tests
      copying src/gevent/tests/test__socket_errors.py -> build/lib.macosx-12.5-arm64-cpython-39/gevent/tests
      copying src/gevent/tests/test__lock.py -> build/lib.macosx-12.5-arm64-cpython-39/gevent/tests
      copying src/gevent/tests/test__server.py -> build/lib.macosx-12.5-arm64-cpython-39/gevent/tests
      copying src/gevent/tests/test__socket_timeout.py -> build/lib.macosx-12.5-arm64-cpython-39/gevent/tests
      copying src/gevent/tests/test__pywsgi.py -> build/lib.macosx-12.5-arm64-cpython-39/gevent/tests
      copying src/gevent/tests/test__semaphore.py -> build/lib.macosx-12.5-arm64-cpython-39/gevent/tests
      copying src/gevent/tests/test__core_fork.py -> build/lib.macosx-12.5-arm64-cpython-39/gevent/tests
      copying src/gevent/tests/test__monkey_ssl_warning3.py -> build/lib.macosx-12.5-arm64-cpython-39/gevent/tests
      copying src/gevent/tests/test__loop_callback.py -> build/lib.macosx-12.5-arm64-cpython-39/gevent/tests
      copying src/gevent/tests/getaddrinfo_module.py -> build/lib.macosx-12.5-arm64-cpython-39/gevent/tests
      copying src/gevent/tests/test__threadpool_executor_patched.py -> build/lib.macosx-12.5-arm64-cpython-39/gevent/tests
      copying src/gevent/tests/test__subprocess_interrupted.py -> build/lib.macosx-12.5-arm64-cpython-39/gevent/tests
      copying src/gevent/tests/test__real_greenlet.py -> build/lib.macosx-12.5-arm64-cpython-39/gevent/tests
      copying src/gevent/tests/test__selectors.py -> build/lib.macosx-12.5-arm64-cpython-39/gevent/tests
      copying src/gevent/tests/test__ares_host_result.py -> build/lib.macosx-12.5-arm64-cpython-39/gevent/tests
      copying src/gevent/tests/test__monkey_ssl_warning2.py -> build/lib.macosx-12.5-arm64-cpython-39/gevent/tests
      copying src/gevent/tests/test__example_echoserver.py -> build/lib.macosx-12.5-arm64-cpython-39/gevent/tests
      copying src/gevent/tests/_import_import_patch.py -> build/lib.macosx-12.5-arm64-cpython-39/gevent/tests
      copying src/gevent/tests/__main__.py -> build/lib.macosx-12.5-arm64-cpython-39/gevent/tests
      copying src/gevent/tests/test__queue.py -> build/lib.macosx-12.5-arm64-cpython-39/gevent/tests
      copying src/gevent/tests/test__socket_ssl.py -> build/lib.macosx-12.5-arm64-cpython-39/gevent/tests
      copying src/gevent/tests/test__monkey_ssl_warning.py -> build/lib.macosx-12.5-arm64-cpython-39/gevent/tests
      copying src/gevent/tests/test__threading_2.py -> build/lib.macosx-12.5-arm64-cpython-39/gevent/tests
      copying src/gevent/tests/test__event.py -> build/lib.macosx-12.5-arm64-cpython-39/gevent/tests
      copying src/gevent/tests/test__signal.py -> build/lib.macosx-12.5-arm64-cpython-39/gevent/tests
      copying src/gevent/tests/_import_patch.py -> build/lib.macosx-12.5-arm64-cpython-39/gevent/tests
      copying src/gevent/tests/test__compat.py -> build/lib.macosx-12.5-arm64-cpython-39/gevent/tests
      copying src/gevent/tests/test__monkey_queue.py -> build/lib.macosx-12.5-arm64-cpython-39/gevent/tests
      copying src/gevent/tests/test__thread.py -> build/lib.macosx-12.5-arm64-cpython-39/gevent/tests
      creating build/lib.macosx-12.5-arm64-cpython-39/gevent/_ffi
      copying src/gevent/_ffi/callback.py -> build/lib.macosx-12.5-arm64-cpython-39/gevent/_ffi
      copying src/gevent/_ffi/__init__.py -> build/lib.macosx-12.5-arm64-cpython-39/gevent/_ffi
      copying src/gevent/_ffi/loop.py -> build/lib.macosx-12.5-arm64-cpython-39/gevent/_ffi
      copying src/gevent/_ffi/watcher.py -> build/lib.macosx-12.5-arm64-cpython-39/gevent/_ffi
      creating build/lib.macosx-12.5-arm64-cpython-39/gevent/testing
      copying src/gevent/testing/skipping.py -> build/lib.macosx-12.5-arm64-cpython-39/gevent/testing
      copying src/gevent/testing/patched_tests_setup.py -> build/lib.macosx-12.5-arm64-cpython-39/gevent/testing
      copying src/gevent/testing/exception.py -> build/lib.macosx-12.5-arm64-cpython-39/gevent/testing
      copying src/gevent/testing/params.py -> build/lib.macosx-12.5-arm64-cpython-39/gevent/testing
      copying src/gevent/testing/leakcheck.py -> build/lib.macosx-12.5-arm64-cpython-39/gevent/testing
      copying src/gevent/testing/travis.py -> build/lib.macosx-12.5-arm64-cpython-39/gevent/testing
      copying src/gevent/testing/support.py -> build/lib.macosx-12.5-arm64-cpython-39/gevent/testing
      copying src/gevent/testing/testcase.py -> build/lib.macosx-12.5-arm64-cpython-39/gevent/testing
      copying src/gevent/testing/util.py -> build/lib.macosx-12.5-arm64-cpython-39/gevent/testing
      copying src/gevent/testing/monkey_test.py -> build/lib.macosx-12.5-arm64-cpython-39/gevent/testing
      copying src/gevent/testing/switching.py -> build/lib.macosx-12.5-arm64-cpython-39/gevent/testing
      copying src/gevent/testing/__init__.py -> build/lib.macosx-12.5-arm64-cpython-39/gevent/testing
      copying src/gevent/testing/hub.py -> build/lib.macosx-12.5-arm64-cpython-39/gevent/testing
      copying src/gevent/testing/timing.py -> build/lib.macosx-12.5-arm64-cpython-39/gevent/testing
      copying src/gevent/testing/six.py -> build/lib.macosx-12.5-arm64-cpython-39/gevent/testing
      copying src/gevent/testing/sysinfo.py -> build/lib.macosx-12.5-arm64-cpython-39/gevent/testing
      copying src/gevent/testing/resources.py -> build/lib.macosx-12.5-arm64-cpython-39/gevent/testing
      copying src/gevent/testing/sockets.py -> build/lib.macosx-12.5-arm64-cpython-39/gevent/testing
      copying src/gevent/testing/modules.py -> build/lib.macosx-12.5-arm64-cpython-39/gevent/testing
      copying src/gevent/testing/openfiles.py -> build/lib.macosx-12.5-arm64-cpython-39/gevent/testing
      copying src/gevent/testing/errorhandler.py -> build/lib.macosx-12.5-arm64-cpython-39/gevent/testing
      copying src/gevent/testing/testrunner.py -> build/lib.macosx-12.5-arm64-cpython-39/gevent/testing
      copying src/gevent/testing/flaky.py -> build/lib.macosx-12.5-arm64-cpython-39/gevent/testing
      creating build/lib.macosx-12.5-arm64-cpython-39/gevent/libev
      copying src/gevent/libev/_corecffi_build.py -> build/lib.macosx-12.5-arm64-cpython-39/gevent/libev
      copying src/gevent/libev/__init__.py -> build/lib.macosx-12.5-arm64-cpython-39/gevent/libev
      copying src/gevent/libev/corecffi.py -> build/lib.macosx-12.5-arm64-cpython-39/gevent/libev
      copying src/gevent/libev/watcher.py -> build/lib.macosx-12.5-arm64-cpython-39/gevent/libev
      creating build/lib.macosx-12.5-arm64-cpython-39/gevent/resolver
      copying src/gevent/resolver/thread.py -> build/lib.macosx-12.5-arm64-cpython-39/gevent/resolver
      copying src/gevent/resolver/dnspython.py -> build/lib.macosx-12.5-arm64-cpython-39/gevent/resolver
      copying src/gevent/resolver/__init__.py -> build/lib.macosx-12.5-arm64-cpython-39/gevent/resolver
      copying src/gevent/resolver/_addresses.py -> build/lib.macosx-12.5-arm64-cpython-39/gevent/resolver
      copying src/gevent/resolver/ares.py -> build/lib.macosx-12.5-arm64-cpython-39/gevent/resolver
      copying src/gevent/resolver/blocking.py -> build/lib.macosx-12.5-arm64-cpython-39/gevent/resolver
      copying src/gevent/resolver/_hostsfile.py -> build/lib.macosx-12.5-arm64-cpython-39/gevent/resolver
      creating build/lib.macosx-12.5-arm64-cpython-39/gevent/tests/monkey_package
      copying src/gevent/tests/monkey_package/threadpool_no_monkey.py -> build/lib.macosx-12.5-arm64-cpython-39/gevent/tests/monkey_package
      copying src/gevent/tests/monkey_package/__init__.py -> build/lib.macosx-12.5-arm64-cpython-39/gevent/tests/monkey_package
      copying src/gevent/tests/monkey_package/issue1526_with_monkey.py -> build/lib.macosx-12.5-arm64-cpython-39/gevent/tests/monkey_package
      copying src/gevent/tests/monkey_package/issue1526_no_monkey.py -> build/lib.macosx-12.5-arm64-cpython-39/gevent/tests/monkey_package
      copying src/gevent/tests/monkey_package/threadpool_monkey_patches.py -> build/lib.macosx-12.5-arm64-cpython-39/gevent/tests/monkey_package
      copying src/gevent/tests/monkey_package/issue302monkey.py -> build/lib.macosx-12.5-arm64-cpython-39/gevent/tests/monkey_package
      copying src/gevent/tests/monkey_package/script.py -> build/lib.macosx-12.5-arm64-cpython-39/gevent/tests/monkey_package
      copying src/gevent/tests/monkey_package/__main__.py -> build/lib.macosx-12.5-arm64-cpython-39/gevent/tests/monkey_package
      copying src/gevent/tests/sha256.pem -> build/lib.macosx-12.5-arm64-cpython-39/gevent/tests
      copying src/gevent/tests/nullcert.pem -> build/lib.macosx-12.5-arm64-cpython-39/gevent/tests
      copying src/gevent/tests/https_svn_python_org_root.pem -> build/lib.macosx-12.5-arm64-cpython-39/gevent/tests
      copying src/gevent/tests/wrongcert.pem -> build/lib.macosx-12.5-arm64-cpython-39/gevent/tests
      copying src/gevent/tests/keycert.pem -> build/lib.macosx-12.5-arm64-cpython-39/gevent/tests
      copying src/gevent/tests/2_7_keycert.pem -> build/lib.macosx-12.5-arm64-cpython-39/gevent/tests
      copying src/gevent/tests/badkey.pem -> build/lib.macosx-12.5-arm64-cpython-39/gevent/tests
      copying src/gevent/tests/badcert.pem -> build/lib.macosx-12.5-arm64-cpython-39/gevent/tests
      copying src/gevent/tests/server.crt -> build/lib.macosx-12.5-arm64-cpython-39/gevent/tests
      copying src/gevent/tests/test_server.crt -> build/lib.macosx-12.5-arm64-cpython-39/gevent/tests
      copying src/gevent/tests/tests_that_dont_monkeypatch.txt -> build/lib.macosx-12.5-arm64-cpython-39/gevent/tests
      copying src/gevent/tests/tests_that_dont_do_leakchecks.txt -> build/lib.macosx-12.5-arm64-cpython-39/gevent/tests
      copying src/gevent/tests/hosts_file.txt -> build/lib.macosx-12.5-arm64-cpython-39/gevent/tests
      copying src/gevent/tests/tests_that_dont_use_resolver.txt -> build/lib.macosx-12.5-arm64-cpython-39/gevent/tests
      copying src/gevent/tests/test_server.key -> build/lib.macosx-12.5-arm64-cpython-39/gevent/tests
      copying src/gevent/tests/server.key -> build/lib.macosx-12.5-arm64-cpython-39/gevent/tests
      creating build/lib.macosx-12.5-arm64-cpython-39/gevent/testing/coveragesite
      copying src/gevent/testing/coveragesite/sitecustomize.py -> build/lib.macosx-12.5-arm64-cpython-39/gevent/testing/coveragesite
      running build_ext
      generating cffi module 'build/temp.macosx-12.5-arm64-cpython-39/gevent.libuv._corecffi.c'
      creating build/temp.macosx-12.5-arm64-cpython-39
      Running '(cd  "/private/var/folders/sk/wrsfywg14j562g067r2j8nf00000gn/T/pip-install-rg6gia1f/gevent_0fb52727099d470fb081a0a28f6f9744/deps/libev"  && sh ./configure -C > configure-output.txt )' in /private/var/folders/sk/wrsfywg14j562g067r2j8nf00000gn/T/pip-install-rg6gia1f/gevent_0fb52727099d470fb081a0a28f6f9744
      generating cffi module 'build/temp.macosx-12.5-arm64-cpython-39/gevent.libev._corecffi.c'
      Not configuring libev, 'config.h' already exists
      Not configuring libev, 'config.h' already exists
      building 'gevent.libev.corecext' extension
      creating build/temp.macosx-12.5-arm64-cpython-39/src
      creating build/temp.macosx-12.5-arm64-cpython-39/src/gevent
      creating build/temp.macosx-12.5-arm64-cpython-39/src/gevent/libev
      clang -Wno-unused-result -Wsign-compare -Wunreachable-code -DNDEBUG -g -fwrapv -O3 -Wall -I/Library/Developer/CommandLineTools/SDKs/MacOSX.sdk/usr/include -I/Library/Developer/CommandLineTools/SDKs/MacOSX.sdk/usr/include -DLIBEV_EMBED=1 -DEV_COMMON= -DEV_CLEANUP_ENABLE=0 -DEV_EMBED_ENABLE=0 -DEV_PERIODIC_ENABLE=0 -DEV_USE_REALTIME=1 -DEV_USE_MONOTONIC=1 -DEV_USE_FLOOR=1 -Isrc/gevent/libev -I/Users/cindyguzman/.pyenv/versions/3.9.4/include/python3.9 -I/private/var/folders/sk/wrsfywg14j562g067r2j8nf00000gn/T/pip-install-rg6gia1f/gevent_0fb52727099d470fb081a0a28f6f9744/deps -I/private/var/folders/sk/wrsfywg14j562g067r2j8nf00000gn/T/pip-install-rg6gia1f/gevent_0fb52727099d470fb081a0a28f6f9744/src/gevent/libev -I/private/var/folders/sk/wrsfywg14j562g067r2j8nf00000gn/T/pip-install-rg6gia1f/gevent_0fb52727099d470fb081a0a28f6f9744/deps/libev -Isrc/gevent -Isrc/gevent/libev -Isrc/gevent/resolver -I. "-I/Users/cindyguzman/Downloads/portfolio projects/Q-Cord-forked/.venv/include" -I/Users/cindyguzman/.pyenv/versions/3.9.4/include/python3.9 -c src/gevent/libev/callbacks.c -o build/temp.macosx-12.5-arm64-cpython-39/src/gevent/libev/callbacks.o -Wno-unreachable-code -Wno-deprecated-declarations -Wno-incompatible-sysroot -Wno-tautological-compare -Wno-implicit-function-declaration -Wno-unused-value -Wno-macro-redefined
      clang -Wno-unused-result -Wsign-compare -Wunreachable-code -DNDEBUG -g -fwrapv -O3 -Wall -I/Library/Developer/CommandLineTools/SDKs/MacOSX.sdk/usr/include -I/Library/Developer/CommandLineTools/SDKs/MacOSX.sdk/usr/include -DLIBEV_EMBED=1 -DEV_COMMON= -DEV_CLEANUP_ENABLE=0 -DEV_EMBED_ENABLE=0 -DEV_PERIODIC_ENABLE=0 -DEV_USE_REALTIME=1 -DEV_USE_MONOTONIC=1 -DEV_USE_FLOOR=1 -Isrc/gevent/libev -I/Users/cindyguzman/.pyenv/versions/3.9.4/include/python3.9 -I/private/var/folders/sk/wrsfywg14j562g067r2j8nf00000gn/T/pip-install-rg6gia1f/gevent_0fb52727099d470fb081a0a28f6f9744/deps -I/private/var/folders/sk/wrsfywg14j562g067r2j8nf00000gn/T/pip-install-rg6gia1f/gevent_0fb52727099d470fb081a0a28f6f9744/src/gevent/libev -I/private/var/folders/sk/wrsfywg14j562g067r2j8nf00000gn/T/pip-install-rg6gia1f/gevent_0fb52727099d470fb081a0a28f6f9744/deps/libev -Isrc/gevent -Isrc/gevent/libev -Isrc/gevent/resolver -I. "-I/Users/cindyguzman/Downloads/portfolio projects/Q-Cord-forked/.venv/include" -I/Users/cindyguzman/.pyenv/versions/3.9.4/include/python3.9 -c src/gevent/libev/corecext.c -o build/temp.macosx-12.5-arm64-cpython-39/src/gevent/libev/corecext.o -Wno-unreachable-code -Wno-deprecated-declarations -Wno-incompatible-sysroot -Wno-tautological-compare -Wno-implicit-function-declaration -Wno-unused-value -Wno-macro-redefined
      clang -bundle -undefined dynamic_lookup -L/opt/homebrew/opt/readline/lib -L/opt/homebrew/opt/readline/lib -L/Users/cindyguzman/.pyenv/versions/3.9.4/lib -L/opt/homebrew/lib -Wl,-rpath,/opt/homebrew/lib -L/Library/Developer/CommandLineTools/SDKs/MacOSX.sdk/usr/lib -L/opt/homebrew/opt/readline/lib -L/opt/homebrew/opt/readline/lib -L/Users/cindyguzman/.pyenv/versions/3.9.4/lib -L/opt/homebrew/lib -Wl,-rpath,/opt/homebrew/lib -L/Library/Developer/CommandLineTools/SDKs/MacOSX.sdk/usr/lib build/temp.macosx-12.5-arm64-cpython-39/src/gevent/libev/callbacks.o build/temp.macosx-12.5-arm64-cpython-39/src/gevent/libev/corecext.o -o build/lib.macosx-12.5-arm64-cpython-39/gevent/libev/corecext.cpython-39-darwin.so
      ld: warning: duplicate -rpath '/opt/homebrew/lib' ignored
      Embedding c-ares <cffi.setuptools_ext._add_c_module.<locals>.build_ext_make_mod object at 0x108468b80> <_setuputils.Extension('gevent.resolver.cares') at 0x106f7c9d0>
      Inserted  build/temp.macosx-12.5-arm64-cpython-39/c-ares/include in include dirs ['build/temp.macosx-12.5-arm64-cpython-39/c-ares/include', '/Users/cindyguzman/.pyenv/versions/3.9.4/include/python3.9', '/Users/cindyguzman/.pyenv/versions/3.9.4/include/python3.9', '/private/var/folders/sk/wrsfywg14j562g067r2j8nf00000gn/T/pip-install-rg6gia1f/gevent_0fb52727099d470fb081a0a28f6f9744/deps', '/private/var/folders/sk/wrsfywg14j562g067r2j8nf00000gn/T/pip-install-rg6gia1f/gevent_0fb52727099d470fb081a0a28f6f9744/deps/c-ares/include', '/private/var/folders/sk/wrsfywg14j562g067r2j8nf00000gn/T/pip-install-rg6gia1f/gevent_0fb52727099d470fb081a0a28f6f9744/deps/c-ares/src/lib', 'src/gevent', 'src/gevent/libev', 'src/gevent/resolver', '.']
      Running '(cd  "/private/var/folders/sk/wrsfywg14j562g067r2j8nf00000gn/T/pip-install-rg6gia1f/gevent_0fb52727099d470fb081a0a28f6f9744/deps/c-ares"  && if [ -r include/ares_build.h ]; then cp include/ares_build.h include/ares_build.h.orig; fi   && sh ./configure --disable-dependency-tracking -C CFLAGS="-Wno-unused-result -Wsign-compare -Wunreachable-code -DNDEBUG -g -fwrapv -O3 -Wall -I/Library/Developer/CommandLineTools/SDKs/MacOSX.sdk/usr/include -I/Library/Developer/CommandLineTools/SDKs/MacOSX.sdk/usr/include"  && cp src/lib/ares_config.h include/ares_build.h "$OLDPWD"   && cat include/ares_build.h   && if [ -r include/ares_build.h.orig ]; then mv include/ares_build.h.orig include/ares_build.h; fi) > configure-output.txt' in /private/var/folders/sk/wrsfywg14j562g067r2j8nf00000gn/T/pip-install-rg6gia1f/gevent_0fb52727099d470fb081a0a28f6f9744/build/temp.macosx-12.5-arm64-cpython-39/c-ares/include
      configure: WARNING: Continuing even with errors mentioned immediately above this line.
      rm: conftest.dSYM: is a directory
      rm: conftest.dSYM: is a directory
      configure: WARNING: Continuing even with errors mentioned immediately above this line.
      building 'gevent.resolver.cares' extension
      creating build/temp.macosx-12.5-arm64-cpython-39/deps
      creating build/temp.macosx-12.5-arm64-cpython-39/deps/c-ares
      creating build/temp.macosx-12.5-arm64-cpython-39/deps/c-ares/src
      creating build/temp.macosx-12.5-arm64-cpython-39/deps/c-ares/src/lib
      creating build/temp.macosx-12.5-arm64-cpython-39/src/gevent/resolver
      clang -Wno-unused-result -Wsign-compare -Wunreachable-code -DNDEBUG -g -fwrapv -O3 -Wall -I/Library/Developer/CommandLineTools/SDKs/MacOSX.sdk/usr/include -I/Library/Developer/CommandLineTools/SDKs/MacOSX.sdk/usr/include -DHAVE_CONFIG_H= -DCARES_EMBED=1 -Ibuild/temp.macosx-12.5-arm64-cpython-39/c-ares/include -I/Users/cindyguzman/.pyenv/versions/3.9.4/include/python3.9 -I/Users/cindyguzman/.pyenv/versions/3.9.4/include/python3.9 -I/private/var/folders/sk/wrsfywg14j562g067r2j8nf00000gn/T/pip-install-rg6gia1f/gevent_0fb52727099d470fb081a0a28f6f9744/deps -I/private/var/folders/sk/wrsfywg14j562g067r2j8nf00000gn/T/pip-install-rg6gia1f/gevent_0fb52727099d470fb081a0a28f6f9744/deps/c-ares/include -I/private/var/folders/sk/wrsfywg14j562g067r2j8nf00000gn/T/pip-install-rg6gia1f/gevent_0fb52727099d470fb081a0a28f6f9744/deps/c-ares/src/lib -Isrc/gevent -Isrc/gevent/libev -Isrc/gevent/resolver -I. "-I/Users/cindyguzman/Downloads/portfolio projects/Q-Cord-forked/.venv/include" -I/Users/cindyguzman/.pyenv/versions/3.9.4/include/python3.9 -c deps/c-ares/src/lib/ares__close_sockets.c -o build/temp.macosx-12.5-arm64-cpython-39/deps/c-ares/src/lib/ares__close_sockets.o -Wno-unreachable-code -Wno-deprecated-declarations -Wno-incompatible-sysroot -Wno-tautological-compare -Wno-implicit-function-declaration -Wno-unused-value -Wno-macro-redefined
      clang -Wno-unused-result -Wsign-compare -Wunreachable-code -DNDEBUG -g -fwrapv -O3 -Wall -I/Library/Developer/CommandLineTools/SDKs/MacOSX.sdk/usr/include -I/Library/Developer/CommandLineTools/SDKs/MacOSX.sdk/usr/include -DHAVE_CONFIG_H= -DCARES_EMBED=1 -Ibuild/temp.macosx-12.5-arm64-cpython-39/c-ares/include -I/Users/cindyguzman/.pyenv/versions/3.9.4/include/python3.9 -I/Users/cindyguzman/.pyenv/versions/3.9.4/include/python3.9 -I/private/var/folders/sk/wrsfywg14j562g067r2j8nf00000gn/T/pip-install-rg6gia1f/gevent_0fb52727099d470fb081a0a28f6f9744/deps -I/private/var/folders/sk/wrsfywg14j562g067r2j8nf00000gn/T/pip-install-rg6gia1f/gevent_0fb52727099d470fb081a0a28f6f9744/deps/c-ares/include -I/private/var/folders/sk/wrsfywg14j562g067r2j8nf00000gn/T/pip-install-rg6gia1f/gevent_0fb52727099d470fb081a0a28f6f9744/deps/c-ares/src/lib -Isrc/gevent -Isrc/gevent/libev -Isrc/gevent/resolver -I. "-I/Users/cindyguzman/Downloads/portfolio projects/Q-Cord-forked/.venv/include" -I/Users/cindyguzman/.pyenv/versions/3.9.4/include/python3.9 -c deps/c-ares/src/lib/ares__get_hostent.c -o build/temp.macosx-12.5-arm64-cpython-39/deps/c-ares/src/lib/ares__get_hostent.o -Wno-unreachable-code -Wno-deprecated-declarations -Wno-incompatible-sysroot -Wno-tautological-compare -Wno-implicit-function-declaration -Wno-unused-value -Wno-macro-redefined
      clang -Wno-unused-result -Wsign-compare -Wunreachable-code -DNDEBUG -g -fwrapv -O3 -Wall -I/Library/Developer/CommandLineTools/SDKs/MacOSX.sdk/usr/include -I/Library/Developer/CommandLineTools/SDKs/MacOSX.sdk/usr/include -DHAVE_CONFIG_H= -DCARES_EMBED=1 -Ibuild/temp.macosx-12.5-arm64-cpython-39/c-ares/include -I/Users/cindyguzman/.pyenv/versions/3.9.4/include/python3.9 -I/Users/cindyguzman/.pyenv/versions/3.9.4/include/python3.9 -I/private/var/folders/sk/wrsfywg14j562g067r2j8nf00000gn/T/pip-install-rg6gia1f/gevent_0fb52727099d470fb081a0a28f6f9744/deps -I/private/var/folders/sk/wrsfywg14j562g067r2j8nf00000gn/T/pip-install-rg6gia1f/gevent_0fb52727099d470fb081a0a28f6f9744/deps/c-ares/include -I/private/var/folders/sk/wrsfywg14j562g067r2j8nf00000gn/T/pip-install-rg6gia1f/gevent_0fb52727099d470fb081a0a28f6f9744/deps/c-ares/src/lib -Isrc/gevent -Isrc/gevent/libev -Isrc/gevent/resolver -I. "-I/Users/cindyguzman/Downloads/portfolio projects/Q-Cord-forked/.venv/include" -I/Users/cindyguzman/.pyenv/versions/3.9.4/include/python3.9 -c deps/c-ares/src/lib/ares__parse_into_addrinfo.c -o build/temp.macosx-12.5-arm64-cpython-39/deps/c-ares/src/lib/ares__parse_into_addrinfo.o -Wno-unreachable-code -Wno-deprecated-declarations -Wno-incompatible-sysroot -Wno-tautological-compare -Wno-implicit-function-declaration -Wno-unused-value -Wno-macro-redefined
      clang -Wno-unused-result -Wsign-compare -Wunreachable-code -DNDEBUG -g -fwrapv -O3 -Wall -I/Library/Developer/CommandLineTools/SDKs/MacOSX.sdk/usr/include -I/Library/Developer/CommandLineTools/SDKs/MacOSX.sdk/usr/include -DHAVE_CONFIG_H= -DCARES_EMBED=1 -Ibuild/temp.macosx-12.5-arm64-cpython-39/c-ares/include -I/Users/cindyguzman/.pyenv/versions/3.9.4/include/python3.9 -I/Users/cindyguzman/.pyenv/versions/3.9.4/include/python3.9 -I/private/var/folders/sk/wrsfywg14j562g067r2j8nf00000gn/T/pip-install-rg6gia1f/gevent_0fb52727099d470fb081a0a28f6f9744/deps -I/private/var/folders/sk/wrsfywg14j562g067r2j8nf00000gn/T/pip-install-rg6gia1f/gevent_0fb52727099d470fb081a0a28f6f9744/deps/c-ares/include -I/private/var/folders/sk/wrsfywg14j562g067r2j8nf00000gn/T/pip-install-rg6gia1f/gevent_0fb52727099d470fb081a0a28f6f9744/deps/c-ares/src/lib -Isrc/gevent -Isrc/gevent/libev -Isrc/gevent/resolver -I. "-I/Users/cindyguzman/Downloads/portfolio projects/Q-Cord-forked/.venv/include" -I/Users/cindyguzman/.pyenv/versions/3.9.4/include/python3.9 -c deps/c-ares/src/lib/ares__read_line.c -o build/temp.macosx-12.5-arm64-cpython-39/deps/c-ares/src/lib/ares__read_line.o -Wno-unreachable-code -Wno-deprecated-declarations -Wno-incompatible-sysroot -Wno-tautological-compare -Wno-implicit-function-declaration -Wno-unused-value -Wno-macro-redefined
      clang -Wno-unused-result -Wsign-compare -Wunreachable-code -DNDEBUG -g -fwrapv -O3 -Wall -I/Library/Developer/CommandLineTools/SDKs/MacOSX.sdk/usr/include -I/Library/Developer/CommandLineTools/SDKs/MacOSX.sdk/usr/include -DHAVE_CONFIG_H= -DCARES_EMBED=1 -Ibuild/temp.macosx-12.5-arm64-cpython-39/c-ares/include -I/Users/cindyguzman/.pyenv/versions/3.9.4/include/python3.9 -I/Users/cindyguzman/.pyenv/versions/3.9.4/include/python3.9 -I/private/var/folders/sk/wrsfywg14j562g067r2j8nf00000gn/T/pip-install-rg6gia1f/gevent_0fb52727099d470fb081a0a28f6f9744/deps -I/private/var/folders/sk/wrsfywg14j562g067r2j8nf00000gn/T/pip-install-rg6gia1f/gevent_0fb52727099d470fb081a0a28f6f9744/deps/c-ares/include -I/private/var/folders/sk/wrsfywg14j562g067r2j8nf00000gn/T/pip-install-rg6gia1f/gevent_0fb52727099d470fb081a0a28f6f9744/deps/c-ares/src/lib -Isrc/gevent -Isrc/gevent/libev -Isrc/gevent/resolver -I. "-I/Users/cindyguzman/Downloads/portfolio projects/Q-Cord-forked/.venv/include" -I/Users/cindyguzman/.pyenv/versions/3.9.4/include/python3.9 -c deps/c-ares/src/lib/ares__readaddrinfo.c -o build/temp.macosx-12.5-arm64-cpython-39/deps/c-ares/src/lib/ares__readaddrinfo.o -Wno-unreachable-code -Wno-deprecated-declarations -Wno-incompatible-sysroot -Wno-tautological-compare -Wno-implicit-function-declaration -Wno-unused-value -Wno-macro-redefined
      clang -Wno-unused-result -Wsign-compare -Wunreachable-code -DNDEBUG -g -fwrapv -O3 -Wall -I/Library/Developer/CommandLineTools/SDKs/MacOSX.sdk/usr/include -I/Library/Developer/CommandLineTools/SDKs/MacOSX.sdk/usr/include -DHAVE_CONFIG_H= -DCARES_EMBED=1 -Ibuild/temp.macosx-12.5-arm64-cpython-39/c-ares/include -I/Users/cindyguzman/.pyenv/versions/3.9.4/include/python3.9 -I/Users/cindyguzman/.pyenv/versions/3.9.4/include/python3.9 -I/private/var/folders/sk/wrsfywg14j562g067r2j8nf00000gn/T/pip-install-rg6gia1f/gevent_0fb52727099d470fb081a0a28f6f9744/deps -I/private/var/folders/sk/wrsfywg14j562g067r2j8nf00000gn/T/pip-install-rg6gia1f/gevent_0fb52727099d470fb081a0a28f6f9744/deps/c-ares/include -I/private/var/folders/sk/wrsfywg14j562g067r2j8nf00000gn/T/pip-install-rg6gia1f/gevent_0fb52727099d470fb081a0a28f6f9744/deps/c-ares/src/lib -Isrc/gevent -Isrc/gevent/libev -Isrc/gevent/resolver -I. "-I/Users/cindyguzman/Downloads/portfolio projects/Q-Cord-forked/.venv/include" -I/Users/cindyguzman/.pyenv/versions/3.9.4/include/python3.9 -c deps/c-ares/src/lib/ares__sortaddrinfo.c -o build/temp.macosx-12.5-arm64-cpython-39/deps/c-ares/src/lib/ares__sortaddrinfo.o -Wno-unreachable-code -Wno-deprecated-declarations -Wno-incompatible-sysroot -Wno-tautological-compare -Wno-implicit-function-declaration -Wno-unused-value -Wno-macro-redefined
      clang -Wno-unused-result -Wsign-compare -Wunreachable-code -DNDEBUG -g -fwrapv -O3 -Wall -I/Library/Developer/CommandLineTools/SDKs/MacOSX.sdk/usr/include -I/Library/Developer/CommandLineTools/SDKs/MacOSX.sdk/usr/include -DHAVE_CONFIG_H= -DCARES_EMBED=1 -Ibuild/temp.macosx-12.5-arm64-cpython-39/c-ares/include -I/Users/cindyguzman/.pyenv/versions/3.9.4/include/python3.9 -I/Users/cindyguzman/.pyenv/versions/3.9.4/include/python3.9 -I/private/var/folders/sk/wrsfywg14j562g067r2j8nf00000gn/T/pip-install-rg6gia1f/gevent_0fb52727099d470fb081a0a28f6f9744/deps -I/private/var/folders/sk/wrsfywg14j562g067r2j8nf00000gn/T/pip-install-rg6gia1f/gevent_0fb52727099d470fb081a0a28f6f9744/deps/c-ares/include -I/private/var/folders/sk/wrsfywg14j562g067r2j8nf00000gn/T/pip-install-rg6gia1f/gevent_0fb52727099d470fb081a0a28f6f9744/deps/c-ares/src/lib -Isrc/gevent -Isrc/gevent/libev -Isrc/gevent/resolver -I. "-I/Users/cindyguzman/Downloads/portfolio projects/Q-Cord-forked/.venv/include" -I/Users/cindyguzman/.pyenv/versions/3.9.4/include/python3.9 -c deps/c-ares/src/lib/ares__timeval.c -o build/temp.macosx-12.5-arm64-cpython-39/deps/c-ares/src/lib/ares__timeval.o -Wno-unreachable-code -Wno-deprecated-declarations -Wno-incompatible-sysroot -Wno-tautological-compare -Wno-implicit-function-declaration -Wno-unused-value -Wno-macro-redefined
      clang -Wno-unused-result -Wsign-compare -Wunreachable-code -DNDEBUG -g -fwrapv -O3 -Wall -I/Library/Developer/CommandLineTools/SDKs/MacOSX.sdk/usr/include -I/Library/Developer/CommandLineTools/SDKs/MacOSX.sdk/usr/include -DHAVE_CONFIG_H= -DCARES_EMBED=1 -Ibuild/temp.macosx-12.5-arm64-cpython-39/c-ares/include -I/Users/cindyguzman/.pyenv/versions/3.9.4/include/python3.9 -I/Users/cindyguzman/.pyenv/versions/3.9.4/include/python3.9 -I/private/var/folders/sk/wrsfywg14j562g067r2j8nf00000gn/T/pip-install-rg6gia1f/gevent_0fb52727099d470fb081a0a28f6f9744/deps -I/private/var/folders/sk/wrsfywg14j562g067r2j8nf00000gn/T/pip-install-rg6gia1f/gevent_0fb52727099d470fb081a0a28f6f9744/deps/c-ares/include -I/private/var/folders/sk/wrsfywg14j562g067r2j8nf00000gn/T/pip-install-rg6gia1f/gevent_0fb52727099d470fb081a0a28f6f9744/deps/c-ares/src/lib -Isrc/gevent -Isrc/gevent/libev -Isrc/gevent/resolver -I. "-I/Users/cindyguzman/Downloads/portfolio projects/Q-Cord-forked/.venv/include" -I/Users/cindyguzman/.pyenv/versions/3.9.4/include/python3.9 -c deps/c-ares/src/lib/ares_android.c -o build/temp.macosx-12.5-arm64-cpython-39/deps/c-ares/src/lib/ares_android.o -Wno-unreachable-code -Wno-deprecated-declarations -Wno-incompatible-sysroot -Wno-tautological-compare -Wno-implicit-function-declaration -Wno-unused-value -Wno-macro-redefined
      clang -Wno-unused-result -Wsign-compare -Wunreachable-code -DNDEBUG -g -fwrapv -O3 -Wall -I/Library/Developer/CommandLineTools/SDKs/MacOSX.sdk/usr/include -I/Library/Developer/CommandLineTools/SDKs/MacOSX.sdk/usr/include -DHAVE_CONFIG_H= -DCARES_EMBED=1 -Ibuild/temp.macosx-12.5-arm64-cpython-39/c-ares/include -I/Users/cindyguzman/.pyenv/versions/3.9.4/include/python3.9 -I/Users/cindyguzman/.pyenv/versions/3.9.4/include/python3.9 -I/private/var/folders/sk/wrsfywg14j562g067r2j8nf00000gn/T/pip-install-rg6gia1f/gevent_0fb52727099d470fb081a0a28f6f9744/deps -I/private/var/folders/sk/wrsfywg14j562g067r2j8nf00000gn/T/pip-install-rg6gia1f/gevent_0fb52727099d470fb081a0a28f6f9744/deps/c-ares/include -I/private/var/folders/sk/wrsfywg14j562g067r2j8nf00000gn/T/pip-install-rg6gia1f/gevent_0fb52727099d470fb081a0a28f6f9744/deps/c-ares/src/lib -Isrc/gevent -Isrc/gevent/libev -Isrc/gevent/resolver -I. "-I/Users/cindyguzman/Downloads/portfolio projects/Q-Cord-forked/.venv/include" -I/Users/cindyguzman/.pyenv/versions/3.9.4/include/python3.9 -c deps/c-ares/src/lib/ares_cancel.c -o build/temp.macosx-12.5-arm64-cpython-39/deps/c-ares/src/lib/ares_cancel.o -Wno-unreachable-code -Wno-deprecated-declarations -Wno-incompatible-sysroot -Wno-tautological-compare -Wno-implicit-function-declaration -Wno-unused-value -Wno-macro-redefined
      clang -Wno-unused-result -Wsign-compare -Wunreachable-code -DNDEBUG -g -fwrapv -O3 -Wall -I/Library/Developer/CommandLineTools/SDKs/MacOSX.sdk/usr/include -I/Library/Developer/CommandLineTools/SDKs/MacOSX.sdk/usr/include -DHAVE_CONFIG_H= -DCARES_EMBED=1 -Ibuild/temp.macosx-12.5-arm64-cpython-39/c-ares/include -I/Users/cindyguzman/.pyenv/versions/3.9.4/include/python3.9 -I/Users/cindyguzman/.pyenv/versions/3.9.4/include/python3.9 -I/private/var/folders/sk/wrsfywg14j562g067r2j8nf00000gn/T/pip-install-rg6gia1f/gevent_0fb52727099d470fb081a0a28f6f9744/deps -I/private/var/folders/sk/wrsfywg14j562g067r2j8nf00000gn/T/pip-install-rg6gia1f/gevent_0fb52727099d470fb081a0a28f6f9744/deps/c-ares/include -I/private/var/folders/sk/wrsfywg14j562g067r2j8nf00000gn/T/pip-install-rg6gia1f/gevent_0fb52727099d470fb081a0a28f6f9744/deps/c-ares/src/lib -Isrc/gevent -Isrc/gevent/libev -Isrc/gevent/resolver -I. "-I/Users/cindyguzman/Downloads/portfolio projects/Q-Cord-forked/.venv/include" -I/Users/cindyguzman/.pyenv/versions/3.9.4/include/python3.9 -c deps/c-ares/src/lib/ares_create_query.c -o build/temp.macosx-12.5-arm64-cpython-39/deps/c-ares/src/lib/ares_create_query.o -Wno-unreachable-code -Wno-deprecated-declarations -Wno-incompatible-sysroot -Wno-tautological-compare -Wno-implicit-function-declaration -Wno-unused-value -Wno-macro-redefined
      clang -Wno-unused-result -Wsign-compare -Wunreachable-code -DNDEBUG -g -fwrapv -O3 -Wall -I/Library/Developer/CommandLineTools/SDKs/MacOSX.sdk/usr/include -I/Library/Developer/CommandLineTools/SDKs/MacOSX.sdk/usr/include -DHAVE_CONFIG_H= -DCARES_EMBED=1 -Ibuild/temp.macosx-12.5-arm64-cpython-39/c-ares/include -I/Users/cindyguzman/.pyenv/versions/3.9.4/include/python3.9 -I/Users/cindyguzman/.pyenv/versions/3.9.4/include/python3.9 -I/private/var/folders/sk/wrsfywg14j562g067r2j8nf00000gn/T/pip-install-rg6gia1f/gevent_0fb52727099d470fb081a0a28f6f9744/deps -I/private/var/folders/sk/wrsfywg14j562g067r2j8nf00000gn/T/pip-install-rg6gia1f/gevent_0fb52727099d470fb081a0a28f6f9744/deps/c-ares/include -I/private/var/folders/sk/wrsfywg14j562g067r2j8nf00000gn/T/pip-install-rg6gia1f/gevent_0fb52727099d470fb081a0a28f6f9744/deps/c-ares/src/lib -Isrc/gevent -Isrc/gevent/libev -Isrc/gevent/resolver -I. "-I/Users/cindyguzman/Downloads/portfolio projects/Q-Cord-forked/.venv/include" -I/Users/cindyguzman/.pyenv/versions/3.9.4/include/python3.9 -c deps/c-ares/src/lib/ares_data.c -o build/temp.macosx-12.5-arm64-cpython-39/deps/c-ares/src/lib/ares_data.o -Wno-unreachable-code -Wno-deprecated-declarations -Wno-incompatible-sysroot -Wno-tautological-compare -Wno-implicit-function-declaration -Wno-unused-value -Wno-macro-redefined
      clang -Wno-unused-result -Wsign-compare -Wunreachable-code -DNDEBUG -g -fwrapv -O3 -Wall -I/Library/Developer/CommandLineTools/SDKs/MacOSX.sdk/usr/include -I/Library/Developer/CommandLineTools/SDKs/MacOSX.sdk/usr/include -DHAVE_CONFIG_H= -DCARES_EMBED=1 -Ibuild/temp.macosx-12.5-arm64-cpython-39/c-ares/include -I/Users/cindyguzman/.pyenv/versions/3.9.4/include/python3.9 -I/Users/cindyguzman/.pyenv/versions/3.9.4/include/python3.9 -I/private/var/folders/sk/wrsfywg14j562g067r2j8nf00000gn/T/pip-install-rg6gia1f/gevent_0fb52727099d470fb081a0a28f6f9744/deps -I/private/var/folders/sk/wrsfywg14j562g067r2j8nf00000gn/T/pip-install-rg6gia1f/gevent_0fb52727099d470fb081a0a28f6f9744/deps/c-ares/include -I/private/var/folders/sk/wrsfywg14j562g067r2j8nf00000gn/T/pip-install-rg6gia1f/gevent_0fb52727099d470fb081a0a28f6f9744/deps/c-ares/src/lib -Isrc/gevent -Isrc/gevent/libev -Isrc/gevent/resolver -I. "-I/Users/cindyguzman/Downloads/portfolio projects/Q-Cord-forked/.venv/include" -I/Users/cindyguzman/.pyenv/versions/3.9.4/include/python3.9 -c deps/c-ares/src/lib/ares_destroy.c -o build/temp.macosx-12.5-arm64-cpython-39/deps/c-ares/src/lib/ares_destroy.o -Wno-unreachable-code -Wno-deprecated-declarations -Wno-incompatible-sysroot -Wno-tautological-compare -Wno-implicit-function-declaration -Wno-unused-value -Wno-macro-redefined
      clang -Wno-unused-result -Wsign-compare -Wunreachable-code -DNDEBUG -g -fwrapv -O3 -Wall -I/Library/Developer/CommandLineTools/SDKs/MacOSX.sdk/usr/include -I/Library/Developer/CommandLineTools/SDKs/MacOSX.sdk/usr/include -DHAVE_CONFIG_H= -DCARES_EMBED=1 -Ibuild/temp.macosx-12.5-arm64-cpython-39/c-ares/include -I/Users/cindyguzman/.pyenv/versions/3.9.4/include/python3.9 -I/Users/cindyguzman/.pyenv/versions/3.9.4/include/python3.9 -I/private/var/folders/sk/wrsfywg14j562g067r2j8nf00000gn/T/pip-install-rg6gia1f/gevent_0fb52727099d470fb081a0a28f6f9744/deps -I/private/var/folders/sk/wrsfywg14j562g067r2j8nf00000gn/T/pip-install-rg6gia1f/gevent_0fb52727099d470fb081a0a28f6f9744/deps/c-ares/include -I/private/var/folders/sk/wrsfywg14j562g067r2j8nf00000gn/T/pip-install-rg6gia1f/gevent_0fb52727099d470fb081a0a28f6f9744/deps/c-ares/src/lib -Isrc/gevent -Isrc/gevent/libev -Isrc/gevent/resolver -I. "-I/Users/cindyguzman/Downloads/portfolio projects/Q-Cord-forked/.venv/include" -I/Users/cindyguzman/.pyenv/versions/3.9.4/include/python3.9 -c deps/c-ares/src/lib/ares_expand_name.c -o build/temp.macosx-12.5-arm64-cpython-39/deps/c-ares/src/lib/ares_expand_name.o -Wno-unreachable-code -Wno-deprecated-declarations -Wno-incompatible-sysroot -Wno-tautological-compare -Wno-implicit-function-declaration -Wno-unused-value -Wno-macro-redefined
      clang -Wno-unused-result -Wsign-compare -Wunreachable-code -DNDEBUG -g -fwrapv -O3 -Wall -I/Library/Developer/CommandLineTools/SDKs/MacOSX.sdk/usr/include -I/Library/Developer/CommandLineTools/SDKs/MacOSX.sdk/usr/include -DHAVE_CONFIG_H= -DCARES_EMBED=1 -Ibuild/temp.macosx-12.5-arm64-cpython-39/c-ares/include -I/Users/cindyguzman/.pyenv/versions/3.9.4/include/python3.9 -I/Users/cindyguzman/.pyenv/versions/3.9.4/include/python3.9 -I/private/var/folders/sk/wrsfywg14j562g067r2j8nf00000gn/T/pip-install-rg6gia1f/gevent_0fb52727099d470fb081a0a28f6f9744/deps -I/private/var/folders/sk/wrsfywg14j562g067r2j8nf00000gn/T/pip-install-rg6gia1f/gevent_0fb52727099d470fb081a0a28f6f9744/deps/c-ares/include -I/private/var/folders/sk/wrsfywg14j562g067r2j8nf00000gn/T/pip-install-rg6gia1f/gevent_0fb52727099d470fb081a0a28f6f9744/deps/c-ares/src/lib -Isrc/gevent -Isrc/gevent/libev -Isrc/gevent/resolver -I. "-I/Users/cindyguzman/Downloads/portfolio projects/Q-Cord-forked/.venv/include" -I/Users/cindyguzman/.pyenv/versions/3.9.4/include/python3.9 -c deps/c-ares/src/lib/ares_expand_string.c -o build/temp.macosx-12.5-arm64-cpython-39/deps/c-ares/src/lib/ares_expand_string.o -Wno-unreachable-code -Wno-deprecated-declarations -Wno-incompatible-sysroot -Wno-tautological-compare -Wno-implicit-function-declaration -Wno-unused-value -Wno-macro-redefined
      clang -Wno-unused-result -Wsign-compare -Wunreachable-code -DNDEBUG -g -fwrapv -O3 -Wall -I/Library/Developer/CommandLineTools/SDKs/MacOSX.sdk/usr/include -I/Library/Developer/CommandLineTools/SDKs/MacOSX.sdk/usr/include -DHAVE_CONFIG_H= -DCARES_EMBED=1 -Ibuild/temp.macosx-12.5-arm64-cpython-39/c-ares/include -I/Users/cindyguzman/.pyenv/versions/3.9.4/include/python3.9 -I/Users/cindyguzman/.pyenv/versions/3.9.4/include/python3.9 -I/private/var/folders/sk/wrsfywg14j562g067r2j8nf00000gn/T/pip-install-rg6gia1f/gevent_0fb52727099d470fb081a0a28f6f9744/deps -I/private/var/folders/sk/wrsfywg14j562g067r2j8nf00000gn/T/pip-install-rg6gia1f/gevent_0fb52727099d470fb081a0a28f6f9744/deps/c-ares/include -I/private/var/folders/sk/wrsfywg14j562g067r2j8nf00000gn/T/pip-install-rg6gia1f/gevent_0fb52727099d470fb081a0a28f6f9744/deps/c-ares/src/lib -Isrc/gevent -Isrc/gevent/libev -Isrc/gevent/resolver -I. "-I/Users/cindyguzman/Downloads/portfolio projects/Q-Cord-forked/.venv/include" -I/Users/cindyguzman/.pyenv/versions/3.9.4/include/python3.9 -c deps/c-ares/src/lib/ares_fds.c -o build/temp.macosx-12.5-arm64-cpython-39/deps/c-ares/src/lib/ares_fds.o -Wno-unreachable-code -Wno-deprecated-declarations -Wno-incompatible-sysroot -Wno-tautological-compare -Wno-implicit-function-declaration -Wno-unused-value -Wno-macro-redefined
      clang -Wno-unused-result -Wsign-compare -Wunreachable-code -DNDEBUG -g -fwrapv -O3 -Wall -I/Library/Developer/CommandLineTools/SDKs/MacOSX.sdk/usr/include -I/Library/Developer/CommandLineTools/SDKs/MacOSX.sdk/usr/include -DHAVE_CONFIG_H= -DCARES_EMBED=1 -Ibuild/temp.macosx-12.5-arm64-cpython-39/c-ares/include -I/Users/cindyguzman/.pyenv/versions/3.9.4/include/python3.9 -I/Users/cindyguzman/.pyenv/versions/3.9.4/include/python3.9 -I/private/var/folders/sk/wrsfywg14j562g067r2j8nf00000gn/T/pip-install-rg6gia1f/gevent_0fb52727099d470fb081a0a28f6f9744/deps -I/private/var/folders/sk/wrsfywg14j562g067r2j8nf00000gn/T/pip-install-rg6gia1f/gevent_0fb52727099d470fb081a0a28f6f9744/deps/c-ares/include -I/private/var/folders/sk/wrsfywg14j562g067r2j8nf00000gn/T/pip-install-rg6gia1f/gevent_0fb52727099d470fb081a0a28f6f9744/deps/c-ares/src/lib -Isrc/gevent -Isrc/gevent/libev -Isrc/gevent/resolver -I. "-I/Users/cindyguzman/Downloads/portfolio projects/Q-Cord-forked/.venv/include" -I/Users/cindyguzman/.pyenv/versions/3.9.4/include/python3.9 -c deps/c-ares/src/lib/ares_free_hostent.c -o build/temp.macosx-12.5-arm64-cpython-39/deps/c-ares/src/lib/ares_free_hostent.o -Wno-unreachable-code -Wno-deprecated-declarations -Wno-incompatible-sysroot -Wno-tautological-compare -Wno-implicit-function-declaration -Wno-unused-value -Wno-macro-redefined
      clang -Wno-unused-result -Wsign-compare -Wunreachable-code -DNDEBUG -g -fwrapv -O3 -Wall -I/Library/Developer/CommandLineTools/SDKs/MacOSX.sdk/usr/include -I/Library/Developer/CommandLineTools/SDKs/MacOSX.sdk/usr/include -DHAVE_CONFIG_H= -DCARES_EMBED=1 -Ibuild/temp.macosx-12.5-arm64-cpython-39/c-ares/include -I/Users/cindyguzman/.pyenv/versions/3.9.4/include/python3.9 -I/Users/cindyguzman/.pyenv/versions/3.9.4/include/python3.9 -I/private/var/folders/sk/wrsfywg14j562g067r2j8nf00000gn/T/pip-install-rg6gia1f/gevent_0fb52727099d470fb081a0a28f6f9744/deps -I/private/var/folders/sk/wrsfywg14j562g067r2j8nf00000gn/T/pip-install-rg6gia1f/gevent_0fb52727099d470fb081a0a28f6f9744/deps/c-ares/include -I/private/var/folders/sk/wrsfywg14j562g067r2j8nf00000gn/T/pip-install-rg6gia1f/gevent_0fb52727099d470fb081a0a28f6f9744/deps/c-ares/src/lib -Isrc/gevent -Isrc/gevent/libev -Isrc/gevent/resolver -I. "-I/Users/cindyguzman/Downloads/portfolio projects/Q-Cord-forked/.venv/include" -I/Users/cindyguzman/.pyenv/versions/3.9.4/include/python3.9 -c deps/c-ares/src/lib/ares_free_string.c -o build/temp.macosx-12.5-arm64-cpython-39/deps/c-ares/src/lib/ares_free_string.o -Wno-unreachable-code -Wno-deprecated-declarations -Wno-incompatible-sysroot -Wno-tautological-compare -Wno-implicit-function-declaration -Wno-unused-value -Wno-macro-redefined
      clang -Wno-unused-result -Wsign-compare -Wunreachable-code -DNDEBUG -g -fwrapv -O3 -Wall -I/Library/Developer/CommandLineTools/SDKs/MacOSX.sdk/usr/include -I/Library/Developer/CommandLineTools/SDKs/MacOSX.sdk/usr/include -DHAVE_CONFIG_H= -DCARES_EMBED=1 -Ibuild/temp.macosx-12.5-arm64-cpython-39/c-ares/include -I/Users/cindyguzman/.pyenv/versions/3.9.4/include/python3.9 -I/Users/cindyguzman/.pyenv/versions/3.9.4/include/python3.9 -I/private/var/folders/sk/wrsfywg14j562g067r2j8nf00000gn/T/pip-install-rg6gia1f/gevent_0fb52727099d470fb081a0a28f6f9744/deps -I/private/var/folders/sk/wrsfywg14j562g067r2j8nf00000gn/T/pip-install-rg6gia1f/gevent_0fb52727099d470fb081a0a28f6f9744/deps/c-ares/include -I/private/var/folders/sk/wrsfywg14j562g067r2j8nf00000gn/T/pip-install-rg6gia1f/gevent_0fb52727099d470fb081a0a28f6f9744/deps/c-ares/src/lib -Isrc/gevent -Isrc/gevent/libev -Isrc/gevent/resolver -I. "-I/Users/cindyguzman/Downloads/portfolio projects/Q-Cord-forked/.venv/include" -I/Users/cindyguzman/.pyenv/versions/3.9.4/include/python3.9 -c deps/c-ares/src/lib/ares_freeaddrinfo.c -o build/temp.macosx-12.5-arm64-cpython-39/deps/c-ares/src/lib/ares_freeaddrinfo.o -Wno-unreachable-code -Wno-deprecated-declarations -Wno-incompatible-sysroot -Wno-tautological-compare -Wno-implicit-function-declaration -Wno-unused-value -Wno-macro-redefined
      clang -Wno-unused-result -Wsign-compare -Wunreachable-code -DNDEBUG -g -fwrapv -O3 -Wall -I/Library/Developer/CommandLineTools/SDKs/MacOSX.sdk/usr/include -I/Library/Developer/CommandLineTools/SDKs/MacOSX.sdk/usr/include -DHAVE_CONFIG_H= -DCARES_EMBED=1 -Ibuild/temp.macosx-12.5-arm64-cpython-39/c-ares/include -I/Users/cindyguzman/.pyenv/versions/3.9.4/include/python3.9 -I/Users/cindyguzman/.pyenv/versions/3.9.4/include/python3.9 -I/private/var/folders/sk/wrsfywg14j562g067r2j8nf00000gn/T/pip-install-rg6gia1f/gevent_0fb52727099d470fb081a0a28f6f9744/deps -I/private/var/folders/sk/wrsfywg14j562g067r2j8nf00000gn/T/pip-install-rg6gia1f/gevent_0fb52727099d470fb081a0a28f6f9744/deps/c-ares/include -I/private/var/folders/sk/wrsfywg14j562g067r2j8nf00000gn/T/pip-install-rg6gia1f/gevent_0fb52727099d470fb081a0a28f6f9744/deps/c-ares/src/lib -Isrc/gevent -Isrc/gevent/libev -Isrc/gevent/resolver -I. "-I/Users/cindyguzman/Downloads/portfolio projects/Q-Cord-forked/.venv/include" -I/Users/cindyguzman/.pyenv/versions/3.9.4/include/python3.9 -c deps/c-ares/src/lib/ares_getaddrinfo.c -o build/temp.macosx-12.5-arm64-cpython-39/deps/c-ares/src/lib/ares_getaddrinfo.o -Wno-unreachable-code -Wno-deprecated-declarations -Wno-incompatible-sysroot -Wno-tautological-compare -Wno-implicit-function-declaration -Wno-unused-value -Wno-macro-redefined
      clang -Wno-unused-result -Wsign-compare -Wunreachable-code -DNDEBUG -g -fwrapv -O3 -Wall -I/Library/Developer/CommandLineTools/SDKs/MacOSX.sdk/usr/include -I/Library/Developer/CommandLineTools/SDKs/MacOSX.sdk/usr/include -DHAVE_CONFIG_H= -DCARES_EMBED=1 -Ibuild/temp.macosx-12.5-arm64-cpython-39/c-ares/include -I/Users/cindyguzman/.pyenv/versions/3.9.4/include/python3.9 -I/Users/cindyguzman/.pyenv/versions/3.9.4/include/python3.9 -I/private/var/folders/sk/wrsfywg14j562g067r2j8nf00000gn/T/pip-install-rg6gia1f/gevent_0fb52727099d470fb081a0a28f6f9744/deps -I/private/var/folders/sk/wrsfywg14j562g067r2j8nf00000gn/T/pip-install-rg6gia1f/gevent_0fb52727099d470fb081a0a28f6f9744/deps/c-ares/include -I/private/var/folders/sk/wrsfywg14j562g067r2j8nf00000gn/T/pip-install-rg6gia1f/gevent_0fb52727099d470fb081a0a28f6f9744/deps/c-ares/src/lib -Isrc/gevent -Isrc/gevent/libev -Isrc/gevent/resolver -I. "-I/Users/cindyguzman/Downloads/portfolio projects/Q-Cord-forked/.venv/include" -I/Users/cindyguzman/.pyenv/versions/3.9.4/include/python3.9 -c deps/c-ares/src/lib/ares_getenv.c -o build/temp.macosx-12.5-arm64-cpython-39/deps/c-ares/src/lib/ares_getenv.o -Wno-unreachable-code -Wno-deprecated-declarations -Wno-incompatible-sysroot -Wno-tautological-compare -Wno-implicit-function-declaration -Wno-unused-value -Wno-macro-redefined
      clang -Wno-unused-result -Wsign-compare -Wunreachable-code -DNDEBUG -g -fwrapv -O3 -Wall -I/Library/Developer/CommandLineTools/SDKs/MacOSX.sdk/usr/include -I/Library/Developer/CommandLineTools/SDKs/MacOSX.sdk/usr/include -DHAVE_CONFIG_H= -DCARES_EMBED=1 -Ibuild/temp.macosx-12.5-arm64-cpython-39/c-ares/include -I/Users/cindyguzman/.pyenv/versions/3.9.4/include/python3.9 -I/Users/cindyguzman/.pyenv/versions/3.9.4/include/python3.9 -I/private/var/folders/sk/wrsfywg14j562g067r2j8nf00000gn/T/pip-install-rg6gia1f/gevent_0fb52727099d470fb081a0a28f6f9744/deps -I/private/var/folders/sk/wrsfywg14j562g067r2j8nf00000gn/T/pip-install-rg6gia1f/gevent_0fb52727099d470fb081a0a28f6f9744/deps/c-ares/include -I/private/var/folders/sk/wrsfywg14j562g067r2j8nf00000gn/T/pip-install-rg6gia1f/gevent_0fb52727099d470fb081a0a28f6f9744/deps/c-ares/src/lib -Isrc/gevent -Isrc/gevent/libev -Isrc/gevent/resolver -I. "-I/Users/cindyguzman/Downloads/portfolio projects/Q-Cord-forked/.venv/include" -I/Users/cindyguzman/.pyenv/versions/3.9.4/include/python3.9 -c deps/c-ares/src/lib/ares_gethostbyaddr.c -o build/temp.macosx-12.5-arm64-cpython-39/deps/c-ares/src/lib/ares_gethostbyaddr.o -Wno-unreachable-code -Wno-deprecated-declarations -Wno-incompatible-sysroot -Wno-tautological-compare -Wno-implicit-function-declaration -Wno-unused-value -Wno-macro-redefined
      clang -Wno-unused-result -Wsign-compare -Wunreachable-code -DNDEBUG -g -fwrapv -O3 -Wall -I/Library/Developer/CommandLineTools/SDKs/MacOSX.sdk/usr/include -I/Library/Developer/CommandLineTools/SDKs/MacOSX.sdk/usr/include -DHAVE_CONFIG_H= -DCARES_EMBED=1 -Ibuild/temp.macosx-12.5-arm64-cpython-39/c-ares/include -I/Users/cindyguzman/.pyenv/versions/3.9.4/include/python3.9 -I/Users/cindyguzman/.pyenv/versions/3.9.4/include/python3.9 -I/private/var/folders/sk/wrsfywg14j562g067r2j8nf00000gn/T/pip-install-rg6gia1f/gevent_0fb52727099d470fb081a0a28f6f9744/deps -I/private/var/folders/sk/wrsfywg14j562g067r2j8nf00000gn/T/pip-install-rg6gia1f/gevent_0fb52727099d470fb081a0a28f6f9744/deps/c-ares/include -I/private/var/folders/sk/wrsfywg14j562g067r2j8nf00000gn/T/pip-install-rg6gia1f/gevent_0fb52727099d470fb081a0a28f6f9744/deps/c-ares/src/lib -Isrc/gevent -Isrc/gevent/libev -Isrc/gevent/resolver -I. "-I/Users/cindyguzman/Downloads/portfolio projects/Q-Cord-forked/.venv/include" -I/Users/cindyguzman/.pyenv/versions/3.9.4/include/python3.9 -c deps/c-ares/src/lib/ares_gethostbyname.c -o build/temp.macosx-12.5-arm64-cpython-39/deps/c-ares/src/lib/ares_gethostbyname.o -Wno-unreachable-code -Wno-deprecated-declarations -Wno-incompatible-sysroot -Wno-tautological-compare -Wno-implicit-function-declaration -Wno-unused-value -Wno-macro-redefined
      clang -Wno-unused-result -Wsign-compare -Wunreachable-code -DNDEBUG -g -fwrapv -O3 -Wall -I/Library/Developer/CommandLineTools/SDKs/MacOSX.sdk/usr/include -I/Library/Developer/CommandLineTools/SDKs/MacOSX.sdk/usr/include -DHAVE_CONFIG_H= -DCARES_EMBED=1 -Ibuild/temp.macosx-12.5-arm64-cpython-39/c-ares/include -I/Users/cindyguzman/.pyenv/versions/3.9.4/include/python3.9 -I/Users/cindyguzman/.pyenv/versions/3.9.4/include/python3.9 -I/private/var/folders/sk/wrsfywg14j562g067r2j8nf00000gn/T/pip-install-rg6gia1f/gevent_0fb52727099d470fb081a0a28f6f9744/deps -I/private/var/folders/sk/wrsfywg14j562g067r2j8nf00000gn/T/pip-install-rg6gia1f/gevent_0fb52727099d470fb081a0a28f6f9744/deps/c-ares/include -I/private/var/folders/sk/wrsfywg14j562g067r2j8nf00000gn/T/pip-install-rg6gia1f/gevent_0fb52727099d470fb081a0a28f6f9744/deps/c-ares/src/lib -Isrc/gevent -Isrc/gevent/libev -Isrc/gevent/resolver -I. "-I/Users/cindyguzman/Downloads/portfolio projects/Q-Cord-forked/.venv/include" -I/Users/cindyguzman/.pyenv/versions/3.9.4/include/python3.9 -c deps/c-ares/src/lib/ares_getnameinfo.c -o build/temp.macosx-12.5-arm64-cpython-39/deps/c-ares/src/lib/ares_getnameinfo.o -Wno-unreachable-code -Wno-deprecated-declarations -Wno-incompatible-sysroot -Wno-tautological-compare -Wno-implicit-function-declaration -Wno-unused-value -Wno-macro-redefined
      clang -Wno-unused-result -Wsign-compare -Wunreachable-code -DNDEBUG -g -fwrapv -O3 -Wall -I/Library/Developer/CommandLineTools/SDKs/MacOSX.sdk/usr/include -I/Library/Developer/CommandLineTools/SDKs/MacOSX.sdk/usr/include -DHAVE_CONFIG_H= -DCARES_EMBED=1 -Ibuild/temp.macosx-12.5-arm64-cpython-39/c-ares/include -I/Users/cindyguzman/.pyenv/versions/3.9.4/include/python3.9 -I/Users/cindyguzman/.pyenv/versions/3.9.4/include/python3.9 -I/private/var/folders/sk/wrsfywg14j562g067r2j8nf00000gn/T/pip-install-rg6gia1f/gevent_0fb52727099d470fb081a0a28f6f9744/deps -I/private/var/folders/sk/wrsfywg14j562g067r2j8nf00000gn/T/pip-install-rg6gia1f/gevent_0fb52727099d470fb081a0a28f6f9744/deps/c-ares/include -I/private/var/folders/sk/wrsfywg14j562g067r2j8nf00000gn/T/pip-install-rg6gia1f/gevent_0fb52727099d470fb081a0a28f6f9744/deps/c-ares/src/lib -Isrc/gevent -Isrc/gevent/libev -Isrc/gevent/resolver -I. "-I/Users/cindyguzman/Downloads/portfolio projects/Q-Cord-forked/.venv/include" -I/Users/cindyguzman/.pyenv/versions/3.9.4/include/python3.9 -c deps/c-ares/src/lib/ares_getsock.c -o build/temp.macosx-12.5-arm64-cpython-39/deps/c-ares/src/lib/ares_getsock.o -Wno-unreachable-code -Wno-deprecated-declarations -Wno-incompatible-sysroot -Wno-tautological-compare -Wno-implicit-function-declaration -Wno-unused-value -Wno-macro-redefined
      clang -Wno-unused-result -Wsign-compare -Wunreachable-code -DNDEBUG -g -fwrapv -O3 -Wall -I/Library/Developer/CommandLineTools/SDKs/MacOSX.sdk/usr/include -I/Library/Developer/CommandLineTools/SDKs/MacOSX.sdk/usr/include -DHAVE_CONFIG_H= -DCARES_EMBED=1 -Ibuild/temp.macosx-12.5-arm64-cpython-39/c-ares/include -I/Users/cindyguzman/.pyenv/versions/3.9.4/include/python3.9 -I/Users/cindyguzman/.pyenv/versions/3.9.4/include/python3.9 -I/private/var/folders/sk/wrsfywg14j562g067r2j8nf00000gn/T/pip-install-rg6gia1f/gevent_0fb52727099d470fb081a0a28f6f9744/deps -I/private/var/folders/sk/wrsfywg14j562g067r2j8nf00000gn/T/pip-install-rg6gia1f/gevent_0fb52727099d470fb081a0a28f6f9744/deps/c-ares/include -I/private/var/folders/sk/wrsfywg14j562g067r2j8nf00000gn/T/pip-install-rg6gia1f/gevent_0fb52727099d470fb081a0a28f6f9744/deps/c-ares/src/lib -Isrc/gevent -Isrc/gevent/libev -Isrc/gevent/resolver -I. "-I/Users/cindyguzman/Downloads/portfolio projects/Q-Cord-forked/.venv/include" -I/Users/cindyguzman/.pyenv/versions/3.9.4/include/python3.9 -c deps/c-ares/src/lib/ares_init.c -o build/temp.macosx-12.5-arm64-cpython-39/deps/c-ares/src/lib/ares_init.o -Wno-unreachable-code -Wno-deprecated-declarations -Wno-incompatible-sysroot -Wno-tautological-compare -Wno-implicit-function-declaration -Wno-unused-value -Wno-macro-redefined
      clang -Wno-unused-result -Wsign-compare -Wunreachable-code -DNDEBUG -g -fwrapv -O3 -Wall -I/Library/Developer/CommandLineTools/SDKs/MacOSX.sdk/usr/include -I/Library/Developer/CommandLineTools/SDKs/MacOSX.sdk/usr/include -DHAVE_CONFIG_H= -DCARES_EMBED=1 -Ibuild/temp.macosx-12.5-arm64-cpython-39/c-ares/include -I/Users/cindyguzman/.pyenv/versions/3.9.4/include/python3.9 -I/Users/cindyguzman/.pyenv/versions/3.9.4/include/python3.9 -I/private/var/folders/sk/wrsfywg14j562g067r2j8nf00000gn/T/pip-install-rg6gia1f/gevent_0fb52727099d470fb081a0a28f6f9744/deps -I/private/var/folders/sk/wrsfywg14j562g067r2j8nf00000gn/T/pip-install-rg6gia1f/gevent_0fb52727099d470fb081a0a28f6f9744/deps/c-ares/include -I/private/var/folders/sk/wrsfywg14j562g067r2j8nf00000gn/T/pip-install-rg6gia1f/gevent_0fb52727099d470fb081a0a28f6f9744/deps/c-ares/src/lib -Isrc/gevent -Isrc/gevent/libev -Isrc/gevent/resolver -I. "-I/Users/cindyguzman/Downloads/portfolio projects/Q-Cord-forked/.venv/include" -I/Users/cindyguzman/.pyenv/versions/3.9.4/include/python3.9 -c deps/c-ares/src/lib/ares_library_init.c -o build/temp.macosx-12.5-arm64-cpython-39/deps/c-ares/src/lib/ares_library_init.o -Wno-unreachable-code -Wno-deprecated-declarations -Wno-incompatible-sysroot -Wno-tautological-compare -Wno-implicit-function-declaration -Wno-unused-value -Wno-macro-redefined
      clang -Wno-unused-result -Wsign-compare -Wunreachable-code -DNDEBUG -g -fwrapv -O3 -Wall -I/Library/Developer/CommandLineTools/SDKs/MacOSX.sdk/usr/include -I/Library/Developer/CommandLineTools/SDKs/MacOSX.sdk/usr/include -DHAVE_CONFIG_H= -DCARES_EMBED=1 -Ibuild/temp.macosx-12.5-arm64-cpython-39/c-ares/include -I/Users/cindyguzman/.pyenv/versions/3.9.4/include/python3.9 -I/Users/cindyguzman/.pyenv/versions/3.9.4/include/python3.9 -I/private/var/folders/sk/wrsfywg14j562g067r2j8nf00000gn/T/pip-install-rg6gia1f/gevent_0fb52727099d470fb081a0a28f6f9744/deps -I/private/var/folders/sk/wrsfywg14j562g067r2j8nf00000gn/T/pip-install-rg6gia1f/gevent_0fb52727099d470fb081a0a28f6f9744/deps/c-ares/include -I/private/var/folders/sk/wrsfywg14j562g067r2j8nf00000gn/T/pip-install-rg6gia1f/gevent_0fb52727099d470fb081a0a28f6f9744/deps/c-ares/src/lib -Isrc/gevent -Isrc/gevent/libev -Isrc/gevent/resolver -I. "-I/Users/cindyguzman/Downloads/portfolio projects/Q-Cord-forked/.venv/include" -I/Users/cindyguzman/.pyenv/versions/3.9.4/include/python3.9 -c deps/c-ares/src/lib/ares_llist.c -o build/temp.macosx-12.5-arm64-cpython-39/deps/c-ares/src/lib/ares_llist.o -Wno-unreachable-code -Wno-deprecated-declarations -Wno-incompatible-sysroot -Wno-tautological-compare -Wno-implicit-function-declaration -Wno-unused-value -Wno-macro-redefined
      clang -Wno-unused-result -Wsign-compare -Wunreachable-code -DNDEBUG -g -fwrapv -O3 -Wall -I/Library/Developer/CommandLineTools/SDKs/MacOSX.sdk/usr/include -I/Library/Developer/CommandLineTools/SDKs/MacOSX.sdk/usr/include -DHAVE_CONFIG_H= -DCARES_EMBED=1 -Ibuild/temp.macosx-12.5-arm64-cpython-39/c-ares/include -I/Users/cindyguzman/.pyenv/versions/3.9.4/include/python3.9 -I/Users/cindyguzman/.pyenv/versions/3.9.4/include/python3.9 -I/private/var/folders/sk/wrsfywg14j562g067r2j8nf00000gn/T/pip-install-rg6gia1f/gevent_0fb52727099d470fb081a0a28f6f9744/deps -I/private/var/folders/sk/wrsfywg14j562g067r2j8nf00000gn/T/pip-install-rg6gia1f/gevent_0fb52727099d470fb081a0a28f6f9744/deps/c-ares/include -I/private/var/folders/sk/wrsfywg14j562g067r2j8nf00000gn/T/pip-install-rg6gia1f/gevent_0fb52727099d470fb081a0a28f6f9744/deps/c-ares/src/lib -Isrc/gevent -Isrc/gevent/libev -Isrc/gevent/resolver -I. "-I/Users/cindyguzman/Downloads/portfolio projects/Q-Cord-forked/.venv/include" -I/Users/cindyguzman/.pyenv/versions/3.9.4/include/python3.9 -c deps/c-ares/src/lib/ares_mkquery.c -o build/temp.macosx-12.5-arm64-cpython-39/deps/c-ares/src/lib/ares_mkquery.o -Wno-unreachable-code -Wno-deprecated-declarations -Wno-incompatible-sysroot -Wno-tautological-compare -Wno-implicit-function-declaration -Wno-unused-value -Wno-macro-redefined
      clang -Wno-unused-result -Wsign-compare -Wunreachable-code -DNDEBUG -g -fwrapv -O3 -Wall -I/Library/Developer/CommandLineTools/SDKs/MacOSX.sdk/usr/include -I/Library/Developer/CommandLineTools/SDKs/MacOSX.sdk/usr/include -DHAVE_CONFIG_H= -DCARES_EMBED=1 -Ibuild/temp.macosx-12.5-arm64-cpython-39/c-ares/include -I/Users/cindyguzman/.pyenv/versions/3.9.4/include/python3.9 -I/Users/cindyguzman/.pyenv/versions/3.9.4/include/python3.9 -I/private/var/folders/sk/wrsfywg14j562g067r2j8nf00000gn/T/pip-install-rg6gia1f/gevent_0fb52727099d470fb081a0a28f6f9744/deps -I/private/var/folders/sk/wrsfywg14j562g067r2j8nf00000gn/T/pip-install-rg6gia1f/gevent_0fb52727099d470fb081a0a28f6f9744/deps/c-ares/include -I/private/var/folders/sk/wrsfywg14j562g067r2j8nf00000gn/T/pip-install-rg6gia1f/gevent_0fb52727099d470fb081a0a28f6f9744/deps/c-ares/src/lib -Isrc/gevent -Isrc/gevent/libev -Isrc/gevent/resolver -I. "-I/Users/cindyguzman/Downloads/portfolio projects/Q-Cord-forked/.venv/include" -I/Users/cindyguzman/.pyenv/versions/3.9.4/include/python3.9 -c deps/c-ares/src/lib/ares_nowarn.c -o build/temp.macosx-12.5-arm64-cpython-39/deps/c-ares/src/lib/ares_nowarn.o -Wno-unreachable-code -Wno-deprecated-declarations -Wno-incompatible-sysroot -Wno-tautological-compare -Wno-implicit-function-declaration -Wno-unused-value -Wno-macro-redefined
      clang -Wno-unused-result -Wsign-compare -Wunreachable-code -DNDEBUG -g -fwrapv -O3 -Wall -I/Library/Developer/CommandLineTools/SDKs/MacOSX.sdk/usr/include -I/Library/Developer/CommandLineTools/SDKs/MacOSX.sdk/usr/include -DHAVE_CONFIG_H= -DCARES_EMBED=1 -Ibuild/temp.macosx-12.5-arm64-cpython-39/c-ares/include -I/Users/cindyguzman/.pyenv/versions/3.9.4/include/python3.9 -I/Users/cindyguzman/.pyenv/versions/3.9.4/include/python3.9 -I/private/var/folders/sk/wrsfywg14j562g067r2j8nf00000gn/T/pip-install-rg6gia1f/gevent_0fb52727099d470fb081a0a28f6f9744/deps -I/private/var/folders/sk/wrsfywg14j562g067r2j8nf00000gn/T/pip-install-rg6gia1f/gevent_0fb52727099d470fb081a0a28f6f9744/deps/c-ares/include -I/private/var/folders/sk/wrsfywg14j562g067r2j8nf00000gn/T/pip-install-rg6gia1f/gevent_0fb52727099d470fb081a0a28f6f9744/deps/c-ares/src/lib -Isrc/gevent -Isrc/gevent/libev -Isrc/gevent/resolver -I. "-I/Users/cindyguzman/Downloads/portfolio projects/Q-Cord-forked/.venv/include" -I/Users/cindyguzman/.pyenv/versions/3.9.4/include/python3.9 -c deps/c-ares/src/lib/ares_options.c -o build/temp.macosx-12.5-arm64-cpython-39/deps/c-ares/src/lib/ares_options.o -Wno-unreachable-code -Wno-deprecated-declarations -Wno-incompatible-sysroot -Wno-tautological-compare -Wno-implicit-function-declaration -Wno-unused-value -Wno-macro-redefined
      clang -Wno-unused-result -Wsign-compare -Wunreachable-code -DNDEBUG -g -fwrapv -O3 -Wall -I/Library/Developer/CommandLineTools/SDKs/MacOSX.sdk/usr/include -I/Library/Developer/CommandLineTools/SDKs/MacOSX.sdk/usr/include -DHAVE_CONFIG_H= -DCARES_EMBED=1 -Ibuild/temp.macosx-12.5-arm64-cpython-39/c-ares/include -I/Users/cindyguzman/.pyenv/versions/3.9.4/include/python3.9 -I/Users/cindyguzman/.pyenv/versions/3.9.4/include/python3.9 -I/private/var/folders/sk/wrsfywg14j562g067r2j8nf00000gn/T/pip-install-rg6gia1f/gevent_0fb52727099d470fb081a0a28f6f9744/deps -I/private/var/folders/sk/wrsfywg14j562g067r2j8nf00000gn/T/pip-install-rg6gia1f/gevent_0fb52727099d470fb081a0a28f6f9744/deps/c-ares/include -I/private/var/folders/sk/wrsfywg14j562g067r2j8nf00000gn/T/pip-install-rg6gia1f/gevent_0fb52727099d470fb081a0a28f6f9744/deps/c-ares/src/lib -Isrc/gevent -Isrc/gevent/libev -Isrc/gevent/resolver -I. "-I/Users/cindyguzman/Downloads/portfolio projects/Q-Cord-forked/.venv/include" -I/Users/cindyguzman/.pyenv/versions/3.9.4/include/python3.9 -c deps/c-ares/src/lib/ares_parse_a_reply.c -o build/temp.macosx-12.5-arm64-cpython-39/deps/c-ares/src/lib/ares_parse_a_reply.o -Wno-unreachable-code -Wno-deprecated-declarations -Wno-incompatible-sysroot -Wno-tautological-compare -Wno-implicit-function-declaration -Wno-unused-value -Wno-macro-redefined
      clang -Wno-unused-result -Wsign-compare -Wunreachable-code -DNDEBUG -g -fwrapv -O3 -Wall -I/Library/Developer/CommandLineTools/SDKs/MacOSX.sdk/usr/include -I/Library/Developer/CommandLineTools/SDKs/MacOSX.sdk/usr/include -DHAVE_CONFIG_H= -DCARES_EMBED=1 -Ibuild/temp.macosx-12.5-arm64-cpython-39/c-ares/include -I/Users/cindyguzman/.pyenv/versions/3.9.4/include/python3.9 -I/Users/cindyguzman/.pyenv/versions/3.9.4/include/python3.9 -I/private/var/folders/sk/wrsfywg14j562g067r2j8nf00000gn/T/pip-install-rg6gia1f/gevent_0fb52727099d470fb081a0a28f6f9744/deps -I/private/var/folders/sk/wrsfywg14j562g067r2j8nf00000gn/T/pip-install-rg6gia1f/gevent_0fb52727099d470fb081a0a28f6f9744/deps/c-ares/include -I/private/var/folders/sk/wrsfywg14j562g067r2j8nf00000gn/T/pip-install-rg6gia1f/gevent_0fb52727099d470fb081a0a28f6f9744/deps/c-ares/src/lib -Isrc/gevent -Isrc/gevent/libev -Isrc/gevent/resolver -I. "-I/Users/cindyguzman/Downloads/portfolio projects/Q-Cord-forked/.venv/include" -I/Users/cindyguzman/.pyenv/versions/3.9.4/include/python3.9 -c deps/c-ares/src/lib/ares_parse_aaaa_reply.c -o build/temp.macosx-12.5-arm64-cpython-39/deps/c-ares/src/lib/ares_parse_aaaa_reply.o -Wno-unreachable-code -Wno-deprecated-declarations -Wno-incompatible-sysroot -Wno-tautological-compare -Wno-implicit-function-declaration -Wno-unused-value -Wno-macro-redefined
      clang -Wno-unused-result -Wsign-compare -Wunreachable-code -DNDEBUG -g -fwrapv -O3 -Wall -I/Library/Developer/CommandLineTools/SDKs/MacOSX.sdk/usr/include -I/Library/Developer/CommandLineTools/SDKs/MacOSX.sdk/usr/include -DHAVE_CONFIG_H= -DCARES_EMBED=1 -Ibuild/temp.macosx-12.5-arm64-cpython-39/c-ares/include -I/Users/cindyguzman/.pyenv/versions/3.9.4/include/python3.9 -I/Users/cindyguzman/.pyenv/versions/3.9.4/include/python3.9 -I/private/var/folders/sk/wrsfywg14j562g067r2j8nf00000gn/T/pip-install-rg6gia1f/gevent_0fb52727099d470fb081a0a28f6f9744/deps -I/private/var/folders/sk/wrsfywg14j562g067r2j8nf00000gn/T/pip-install-rg6gia1f/gevent_0fb52727099d470fb081a0a28f6f9744/deps/c-ares/include -I/private/var/folders/sk/wrsfywg14j562g067r2j8nf00000gn/T/pip-install-rg6gia1f/gevent_0fb52727099d470fb081a0a28f6f9744/deps/c-ares/src/lib -Isrc/gevent -Isrc/gevent/libev -Isrc/gevent/resolver -I. "-I/Users/cindyguzman/Downloads/portfolio projects/Q-Cord-forked/.venv/include" -I/Users/cindyguzman/.pyenv/versions/3.9.4/include/python3.9 -c deps/c-ares/src/lib/ares_parse_caa_reply.c -o build/temp.macosx-12.5-arm64-cpython-39/deps/c-ares/src/lib/ares_parse_caa_reply.o -Wno-unreachable-code -Wno-deprecated-declarations -Wno-incompatible-sysroot -Wno-tautological-compare -Wno-implicit-function-declaration -Wno-unused-value -Wno-macro-redefined
      clang -Wno-unused-result -Wsign-compare -Wunreachable-code -DNDEBUG -g -fwrapv -O3 -Wall -I/Library/Developer/CommandLineTools/SDKs/MacOSX.sdk/usr/include -I/Library/Developer/CommandLineTools/SDKs/MacOSX.sdk/usr/include -DHAVE_CONFIG_H= -DCARES_EMBED=1 -Ibuild/temp.macosx-12.5-arm64-cpython-39/c-ares/include -I/Users/cindyguzman/.pyenv/versions/3.9.4/include/python3.9 -I/Users/cindyguzman/.pyenv/versions/3.9.4/include/python3.9 -I/private/var/folders/sk/wrsfywg14j562g067r2j8nf00000gn/T/pip-install-rg6gia1f/gevent_0fb52727099d470fb081a0a28f6f9744/deps -I/private/var/folders/sk/wrsfywg14j562g067r2j8nf00000gn/T/pip-install-rg6gia1f/gevent_0fb52727099d470fb081a0a28f6f9744/deps/c-ares/include -I/private/var/folders/sk/wrsfywg14j562g067r2j8nf00000gn/T/pip-install-rg6gia1f/gevent_0fb52727099d470fb081a0a28f6f9744/deps/c-ares/src/lib -Isrc/gevent -Isrc/gevent/libev -Isrc/gevent/resolver -I. "-I/Users/cindyguzman/Downloads/portfolio projects/Q-Cord-forked/.venv/include" -I/Users/cindyguzman/.pyenv/versions/3.9.4/include/python3.9 -c deps/c-ares/src/lib/ares_parse_mx_reply.c -o build/temp.macosx-12.5-arm64-cpython-39/deps/c-ares/src/lib/ares_parse_mx_reply.o -Wno-unreachable-code -Wno-deprecated-declarations -Wno-incompatible-sysroot -Wno-tautological-compare -Wno-implicit-function-declaration -Wno-unused-value -Wno-macro-redefined
      clang -Wno-unused-result -Wsign-compare -Wunreachable-code -DNDEBUG -g -fwrapv -O3 -Wall -I/Library/Developer/CommandLineTools/SDKs/MacOSX.sdk/usr/include -I/Library/Developer/CommandLineTools/SDKs/MacOSX.sdk/usr/include -DHAVE_CONFIG_H= -DCARES_EMBED=1 -Ibuild/temp.macosx-12.5-arm64-cpython-39/c-ares/include -I/Users/cindyguzman/.pyenv/versions/3.9.4/include/python3.9 -I/Users/cindyguzman/.pyenv/versions/3.9.4/include/python3.9 -I/private/var/folders/sk/wrsfywg14j562g067r2j8nf00000gn/T/pip-install-rg6gia1f/gevent_0fb52727099d470fb081a0a28f6f9744/deps -I/private/var/folders/sk/wrsfywg14j562g067r2j8nf00000gn/T/pip-install-rg6gia1f/gevent_0fb52727099d470fb081a0a28f6f9744/deps/c-ares/include -I/private/var/folders/sk/wrsfywg14j562g067r2j8nf00000gn/T/pip-install-rg6gia1f/gevent_0fb52727099d470fb081a0a28f6f9744/deps/c-ares/src/lib -Isrc/gevent -Isrc/gevent/libev -Isrc/gevent/resolver -I. "-I/Users/cindyguzman/Downloads/portfolio projects/Q-Cord-forked/.venv/include" -I/Users/cindyguzman/.pyenv/versions/3.9.4/include/python3.9 -c deps/c-ares/src/lib/ares_parse_naptr_reply.c -o build/temp.macosx-12.5-arm64-cpython-39/deps/c-ares/src/lib/ares_parse_naptr_reply.o -Wno-unreachable-code -Wno-deprecated-declarations -Wno-incompatible-sysroot -Wno-tautological-compare -Wno-implicit-function-declaration -Wno-unused-value -Wno-macro-redefined
      clang -Wno-unused-result -Wsign-compare -Wunreachable-code -DNDEBUG -g -fwrapv -O3 -Wall -I/Library/Developer/CommandLineTools/SDKs/MacOSX.sdk/usr/include -I/Library/Developer/CommandLineTools/SDKs/MacOSX.sdk/usr/include -DHAVE_CONFIG_H= -DCARES_EMBED=1 -Ibuild/temp.macosx-12.5-arm64-cpython-39/c-ares/include -I/Users/cindyguzman/.pyenv/versions/3.9.4/include/python3.9 -I/Users/cindyguzman/.pyenv/versions/3.9.4/include/python3.9 -I/private/var/folders/sk/wrsfywg14j562g067r2j8nf00000gn/T/pip-install-rg6gia1f/gevent_0fb52727099d470fb081a0a28f6f9744/deps -I/private/var/folders/sk/wrsfywg14j562g067r2j8nf00000gn/T/pip-install-rg6gia1f/gevent_0fb52727099d470fb081a0a28f6f9744/deps/c-ares/include -I/private/var/folders/sk/wrsfywg14j562g067r2j8nf00000gn/T/pip-install-rg6gia1f/gevent_0fb52727099d470fb081a0a28f6f9744/deps/c-ares/src/lib -Isrc/gevent -Isrc/gevent/libev -Isrc/gevent/resolver -I. "-I/Users/cindyguzman/Downloads/portfolio projects/Q-Cord-forked/.venv/include" -I/Users/cindyguzman/.pyenv/versions/3.9.4/include/python3.9 -c deps/c-ares/src/lib/ares_parse_ns_reply.c -o build/temp.macosx-12.5-arm64-cpython-39/deps/c-ares/src/lib/ares_parse_ns_reply.o -Wno-unreachable-code -Wno-deprecated-declarations -Wno-incompatible-sysroot -Wno-tautological-compare -Wno-implicit-function-declaration -Wno-unused-value -Wno-macro-redefined
      clang -Wno-unused-result -Wsign-compare -Wunreachable-code -DNDEBUG -g -fwrapv -O3 -Wall -I/Library/Developer/CommandLineTools/SDKs/MacOSX.sdk/usr/include -I/Library/Developer/CommandLineTools/SDKs/MacOSX.sdk/usr/include -DHAVE_CONFIG_H= -DCARES_EMBED=1 -Ibuild/temp.macosx-12.5-arm64-cpython-39/c-ares/include -I/Users/cindyguzman/.pyenv/versions/3.9.4/include/python3.9 -I/Users/cindyguzman/.pyenv/versions/3.9.4/include/python3.9 -I/private/var/folders/sk/wrsfywg14j562g067r2j8nf00000gn/T/pip-install-rg6gia1f/gevent_0fb52727099d470fb081a0a28f6f9744/deps -I/private/var/folders/sk/wrsfywg14j562g067r2j8nf00000gn/T/pip-install-rg6gia1f/gevent_0fb52727099d470fb081a0a28f6f9744/deps/c-ares/include -I/private/var/folders/sk/wrsfywg14j562g067r2j8nf00000gn/T/pip-install-rg6gia1f/gevent_0fb52727099d470fb081a0a28f6f9744/deps/c-ares/src/lib -Isrc/gevent -Isrc/gevent/libev -Isrc/gevent/resolver -I. "-I/Users/cindyguzman/Downloads/portfolio projects/Q-Cord-forked/.venv/include" -I/Users/cindyguzman/.pyenv/versions/3.9.4/include/python3.9 -c deps/c-ares/src/lib/ares_parse_ptr_reply.c -o build/temp.macosx-12.5-arm64-cpython-39/deps/c-ares/src/lib/ares_parse_ptr_reply.o -Wno-unreachable-code -Wno-deprecated-declarations -Wno-incompatible-sysroot -Wno-tautological-compare -Wno-implicit-function-declaration -Wno-unused-value -Wno-macro-redefined
      clang -Wno-unused-result -Wsign-compare -Wunreachable-code -DNDEBUG -g -fwrapv -O3 -Wall -I/Library/Developer/CommandLineTools/SDKs/MacOSX.sdk/usr/include -I/Library/Developer/CommandLineTools/SDKs/MacOSX.sdk/usr/include -DHAVE_CONFIG_H= -DCARES_EMBED=1 -Ibuild/temp.macosx-12.5-arm64-cpython-39/c-ares/include -I/Users/cindyguzman/.pyenv/versions/3.9.4/include/python3.9 -I/Users/cindyguzman/.pyenv/versions/3.9.4/include/python3.9 -I/private/var/folders/sk/wrsfywg14j562g067r2j8nf00000gn/T/pip-install-rg6gia1f/gevent_0fb52727099d470fb081a0a28f6f9744/deps -I/private/var/folders/sk/wrsfywg14j562g067r2j8nf00000gn/T/pip-install-rg6gia1f/gevent_0fb52727099d470fb081a0a28f6f9744/deps/c-ares/include -I/private/var/folders/sk/wrsfywg14j562g067r2j8nf00000gn/T/pip-install-rg6gia1f/gevent_0fb52727099d470fb081a0a28f6f9744/deps/c-ares/src/lib -Isrc/gevent -Isrc/gevent/libev -Isrc/gevent/resolver -I. "-I/Users/cindyguzman/Downloads/portfolio projects/Q-Cord-forked/.venv/include" -I/Users/cindyguzman/.pyenv/versions/3.9.4/include/python3.9 -c deps/c-ares/src/lib/ares_parse_soa_reply.c -o build/temp.macosx-12.5-arm64-cpython-39/deps/c-ares/src/lib/ares_parse_soa_reply.o -Wno-unreachable-code -Wno-deprecated-declarations -Wno-incompatible-sysroot -Wno-tautological-compare -Wno-implicit-function-declaration -Wno-unused-value -Wno-macro-redefined
      clang -Wno-unused-result -Wsign-compare -Wunreachable-code -DNDEBUG -g -fwrapv -O3 -Wall -I/Library/Developer/CommandLineTools/SDKs/MacOSX.sdk/usr/include -I/Library/Developer/CommandLineTools/SDKs/MacOSX.sdk/usr/include -DHAVE_CONFIG_H= -DCARES_EMBED=1 -Ibuild/temp.macosx-12.5-arm64-cpython-39/c-ares/include -I/Users/cindyguzman/.pyenv/versions/3.9.4/include/python3.9 -I/Users/cindyguzman/.pyenv/versions/3.9.4/include/python3.9 -I/private/var/folders/sk/wrsfywg14j562g067r2j8nf00000gn/T/pip-install-rg6gia1f/gevent_0fb52727099d470fb081a0a28f6f9744/deps -I/private/var/folders/sk/wrsfywg14j562g067r2j8nf00000gn/T/pip-install-rg6gia1f/gevent_0fb52727099d470fb081a0a28f6f9744/deps/c-ares/include -I/private/var/folders/sk/wrsfywg14j562g067r2j8nf00000gn/T/pip-install-rg6gia1f/gevent_0fb52727099d470fb081a0a28f6f9744/deps/c-ares/src/lib -Isrc/gevent -Isrc/gevent/libev -Isrc/gevent/resolver -I. "-I/Users/cindyguzman/Downloads/portfolio projects/Q-Cord-forked/.venv/include" -I/Users/cindyguzman/.pyenv/versions/3.9.4/include/python3.9 -c deps/c-ares/src/lib/ares_parse_srv_reply.c -o build/temp.macosx-12.5-arm64-cpython-39/deps/c-ares/src/lib/ares_parse_srv_reply.o -Wno-unreachable-code -Wno-deprecated-declarations -Wno-incompatible-sysroot -Wno-tautological-compare -Wno-implicit-function-declaration -Wno-unused-value -Wno-macro-redefined
      clang -Wno-unused-result -Wsign-compare -Wunreachable-code -DNDEBUG -g -fwrapv -O3 -Wall -I/Library/Developer/CommandLineTools/SDKs/MacOSX.sdk/usr/include -I/Library/Developer/CommandLineTools/SDKs/MacOSX.sdk/usr/include -DHAVE_CONFIG_H= -DCARES_EMBED=1 -Ibuild/temp.macosx-12.5-arm64-cpython-39/c-ares/include -I/Users/cindyguzman/.pyenv/versions/3.9.4/include/python3.9 -I/Users/cindyguzman/.pyenv/versions/3.9.4/include/python3.9 -I/private/var/folders/sk/wrsfywg14j562g067r2j8nf00000gn/T/pip-install-rg6gia1f/gevent_0fb52727099d470fb081a0a28f6f9744/deps -I/private/var/folders/sk/wrsfywg14j562g067r2j8nf00000gn/T/pip-install-rg6gia1f/gevent_0fb52727099d470fb081a0a28f6f9744/deps/c-ares/include -I/private/var/folders/sk/wrsfywg14j562g067r2j8nf00000gn/T/pip-install-rg6gia1f/gevent_0fb52727099d470fb081a0a28f6f9744/deps/c-ares/src/lib -Isrc/gevent -Isrc/gevent/libev -Isrc/gevent/resolver -I. "-I/Users/cindyguzman/Downloads/portfolio projects/Q-Cord-forked/.venv/include" -I/Users/cindyguzman/.pyenv/versions/3.9.4/include/python3.9 -c deps/c-ares/src/lib/ares_parse_txt_reply.c -o build/temp.macosx-12.5-arm64-cpython-39/deps/c-ares/src/lib/ares_parse_txt_reply.o -Wno-unreachable-code -Wno-deprecated-declarations -Wno-incompatible-sysroot -Wno-tautological-compare -Wno-implicit-function-declaration -Wno-unused-value -Wno-macro-redefined
      clang -Wno-unused-result -Wsign-compare -Wunreachable-code -DNDEBUG -g -fwrapv -O3 -Wall -I/Library/Developer/CommandLineTools/SDKs/MacOSX.sdk/usr/include -I/Library/Developer/CommandLineTools/SDKs/MacOSX.sdk/usr/include -DHAVE_CONFIG_H= -DCARES_EMBED=1 -Ibuild/temp.macosx-12.5-arm64-cpython-39/c-ares/include -I/Users/cindyguzman/.pyenv/versions/3.9.4/include/python3.9 -I/Users/cindyguzman/.pyenv/versions/3.9.4/include/python3.9 -I/private/var/folders/sk/wrsfywg14j562g067r2j8nf00000gn/T/pip-install-rg6gia1f/gevent_0fb52727099d470fb081a0a28f6f9744/deps -I/private/var/folders/sk/wrsfywg14j562g067r2j8nf00000gn/T/pip-install-rg6gia1f/gevent_0fb52727099d470fb081a0a28f6f9744/deps/c-ares/include -I/private/var/folders/sk/wrsfywg14j562g067r2j8nf00000gn/T/pip-install-rg6gia1f/gevent_0fb52727099d470fb081a0a28f6f9744/deps/c-ares/src/lib -Isrc/gevent -Isrc/gevent/libev -Isrc/gevent/resolver -I. "-I/Users/cindyguzman/Downloads/portfolio projects/Q-Cord-forked/.venv/include" -I/Users/cindyguzman/.pyenv/versions/3.9.4/include/python3.9 -c deps/c-ares/src/lib/ares_platform.c -o build/temp.macosx-12.5-arm64-cpython-39/deps/c-ares/src/lib/ares_platform.o -Wno-unreachable-code -Wno-deprecated-declarations -Wno-incompatible-sysroot -Wno-tautological-compare -Wno-implicit-function-declaration -Wno-unused-value -Wno-macro-redefined
      clang -Wno-unused-result -Wsign-compare -Wunreachable-code -DNDEBUG -g -fwrapv -O3 -Wall -I/Library/Developer/CommandLineTools/SDKs/MacOSX.sdk/usr/include -I/Library/Developer/CommandLineTools/SDKs/MacOSX.sdk/usr/include -DHAVE_CONFIG_H= -DCARES_EMBED=1 -Ibuild/temp.macosx-12.5-arm64-cpython-39/c-ares/include -I/Users/cindyguzman/.pyenv/versions/3.9.4/include/python3.9 -I/Users/cindyguzman/.pyenv/versions/3.9.4/include/python3.9 -I/private/var/folders/sk/wrsfywg14j562g067r2j8nf00000gn/T/pip-install-rg6gia1f/gevent_0fb52727099d470fb081a0a28f6f9744/deps -I/private/var/folders/sk/wrsfywg14j562g067r2j8nf00000gn/T/pip-install-rg6gia1f/gevent_0fb52727099d470fb081a0a28f6f9744/deps/c-ares/include -I/private/var/folders/sk/wrsfywg14j562g067r2j8nf00000gn/T/pip-install-rg6gia1f/gevent_0fb52727099d470fb081a0a28f6f9744/deps/c-ares/src/lib -Isrc/gevent -Isrc/gevent/libev -Isrc/gevent/resolver -I. "-I/Users/cindyguzman/Downloads/portfolio projects/Q-Cord-forked/.venv/include" -I/Users/cindyguzman/.pyenv/versions/3.9.4/include/python3.9 -c deps/c-ares/src/lib/ares_process.c -o build/temp.macosx-12.5-arm64-cpython-39/deps/c-ares/src/lib/ares_process.o -Wno-unreachable-code -Wno-deprecated-declarations -Wno-incompatible-sysroot -Wno-tautological-compare -Wno-implicit-function-declaration -Wno-unused-value -Wno-macro-redefined
      clang -Wno-unused-result -Wsign-compare -Wunreachable-code -DNDEBUG -g -fwrapv -O3 -Wall -I/Library/Developer/CommandLineTools/SDKs/MacOSX.sdk/usr/include -I/Library/Developer/CommandLineTools/SDKs/MacOSX.sdk/usr/include -DHAVE_CONFIG_H= -DCARES_EMBED=1 -Ibuild/temp.macosx-12.5-arm64-cpython-39/c-ares/include -I/Users/cindyguzman/.pyenv/versions/3.9.4/include/python3.9 -I/Users/cindyguzman/.pyenv/versions/3.9.4/include/python3.9 -I/private/var/folders/sk/wrsfywg14j562g067r2j8nf00000gn/T/pip-install-rg6gia1f/gevent_0fb52727099d470fb081a0a28f6f9744/deps -I/private/var/folders/sk/wrsfywg14j562g067r2j8nf00000gn/T/pip-install-rg6gia1f/gevent_0fb52727099d470fb081a0a28f6f9744/deps/c-ares/include -I/private/var/folders/sk/wrsfywg14j562g067r2j8nf00000gn/T/pip-install-rg6gia1f/gevent_0fb52727099d470fb081a0a28f6f9744/deps/c-ares/src/lib -Isrc/gevent -Isrc/gevent/libev -Isrc/gevent/resolver -I. "-I/Users/cindyguzman/Downloads/portfolio projects/Q-Cord-forked/.venv/include" -I/Users/cindyguzman/.pyenv/versions/3.9.4/include/python3.9 -c deps/c-ares/src/lib/ares_query.c -o build/temp.macosx-12.5-arm64-cpython-39/deps/c-ares/src/lib/ares_query.o -Wno-unreachable-code -Wno-deprecated-declarations -Wno-incompatible-sysroot -Wno-tautological-compare -Wno-implicit-function-declaration -Wno-unused-value -Wno-macro-redefined
      clang -Wno-unused-result -Wsign-compare -Wunreachable-code -DNDEBUG -g -fwrapv -O3 -Wall -I/Library/Developer/CommandLineTools/SDKs/MacOSX.sdk/usr/include -I/Library/Developer/CommandLineTools/SDKs/MacOSX.sdk/usr/include -DHAVE_CONFIG_H= -DCARES_EMBED=1 -Ibuild/temp.macosx-12.5-arm64-cpython-39/c-ares/include -I/Users/cindyguzman/.pyenv/versions/3.9.4/include/python3.9 -I/Users/cindyguzman/.pyenv/versions/3.9.4/include/python3.9 -I/private/var/folders/sk/wrsfywg14j562g067r2j8nf00000gn/T/pip-install-rg6gia1f/gevent_0fb52727099d470fb081a0a28f6f9744/deps -I/private/var/folders/sk/wrsfywg14j562g067r2j8nf00000gn/T/pip-install-rg6gia1f/gevent_0fb52727099d470fb081a0a28f6f9744/deps/c-ares/include -I/private/var/folders/sk/wrsfywg14j562g067r2j8nf00000gn/T/pip-install-rg6gia1f/gevent_0fb52727099d470fb081a0a28f6f9744/deps/c-ares/src/lib -Isrc/gevent -Isrc/gevent/libev -Isrc/gevent/resolver -I. "-I/Users/cindyguzman/Downloads/portfolio projects/Q-Cord-forked/.venv/include" -I/Users/cindyguzman/.pyenv/versions/3.9.4/include/python3.9 -c deps/c-ares/src/lib/ares_search.c -o build/temp.macosx-12.5-arm64-cpython-39/deps/c-ares/src/lib/ares_search.o -Wno-unreachable-code -Wno-deprecated-declarations -Wno-incompatible-sysroot -Wno-tautological-compare -Wno-implicit-function-declaration -Wno-unused-value -Wno-macro-redefined
      clang -Wno-unused-result -Wsign-compare -Wunreachable-code -DNDEBUG -g -fwrapv -O3 -Wall -I/Library/Developer/CommandLineTools/SDKs/MacOSX.sdk/usr/include -I/Library/Developer/CommandLineTools/SDKs/MacOSX.sdk/usr/include -DHAVE_CONFIG_H= -DCARES_EMBED=1 -Ibuild/temp.macosx-12.5-arm64-cpython-39/c-ares/include -I/Users/cindyguzman/.pyenv/versions/3.9.4/include/python3.9 -I/Users/cindyguzman/.pyenv/versions/3.9.4/include/python3.9 -I/private/var/folders/sk/wrsfywg14j562g067r2j8nf00000gn/T/pip-install-rg6gia1f/gevent_0fb52727099d470fb081a0a28f6f9744/deps -I/private/var/folders/sk/wrsfywg14j562g067r2j8nf00000gn/T/pip-install-rg6gia1f/gevent_0fb52727099d470fb081a0a28f6f9744/deps/c-ares/include -I/private/var/folders/sk/wrsfywg14j562g067r2j8nf00000gn/T/pip-install-rg6gia1f/gevent_0fb52727099d470fb081a0a28f6f9744/deps/c-ares/src/lib -Isrc/gevent -Isrc/gevent/libev -Isrc/gevent/resolver -I. "-I/Users/cindyguzman/Downloads/portfolio projects/Q-Cord-forked/.venv/include" -I/Users/cindyguzman/.pyenv/versions/3.9.4/include/python3.9 -c deps/c-ares/src/lib/ares_send.c -o build/temp.macosx-12.5-arm64-cpython-39/deps/c-ares/src/lib/ares_send.o -Wno-unreachable-code -Wno-deprecated-declarations -Wno-incompatible-sysroot -Wno-tautological-compare -Wno-implicit-function-declaration -Wno-unused-value -Wno-macro-redefined
      clang -Wno-unused-result -Wsign-compare -Wunreachable-code -DNDEBUG -g -fwrapv -O3 -Wall -I/Library/Developer/CommandLineTools/SDKs/MacOSX.sdk/usr/include -I/Library/Developer/CommandLineTools/SDKs/MacOSX.sdk/usr/include -DHAVE_CONFIG_H= -DCARES_EMBED=1 -Ibuild/temp.macosx-12.5-arm64-cpython-39/c-ares/include -I/Users/cindyguzman/.pyenv/versions/3.9.4/include/python3.9 -I/Users/cindyguzman/.pyenv/versions/3.9.4/include/python3.9 -I/private/var/folders/sk/wrsfywg14j562g067r2j8nf00000gn/T/pip-install-rg6gia1f/gevent_0fb52727099d470fb081a0a28f6f9744/deps -I/private/var/folders/sk/wrsfywg14j562g067r2j8nf00000gn/T/pip-install-rg6gia1f/gevent_0fb52727099d470fb081a0a28f6f9744/deps/c-ares/include -I/private/var/folders/sk/wrsfywg14j562g067r2j8nf00000gn/T/pip-install-rg6gia1f/gevent_0fb52727099d470fb081a0a28f6f9744/deps/c-ares/src/lib -Isrc/gevent -Isrc/gevent/libev -Isrc/gevent/resolver -I. "-I/Users/cindyguzman/Downloads/portfolio projects/Q-Cord-forked/.venv/include" -I/Users/cindyguzman/.pyenv/versions/3.9.4/include/python3.9 -c deps/c-ares/src/lib/ares_strcasecmp.c -o build/temp.macosx-12.5-arm64-cpython-39/deps/c-ares/src/lib/ares_strcasecmp.o -Wno-unreachable-code -Wno-deprecated-declarations -Wno-incompatible-sysroot -Wno-tautological-compare -Wno-implicit-function-declaration -Wno-unused-value -Wno-macro-redefined
      clang -Wno-unused-result -Wsign-compare -Wunreachable-code -DNDEBUG -g -fwrapv -O3 -Wall -I/Library/Developer/CommandLineTools/SDKs/MacOSX.sdk/usr/include -I/Library/Developer/CommandLineTools/SDKs/MacOSX.sdk/usr/include -DHAVE_CONFIG_H= -DCARES_EMBED=1 -Ibuild/temp.macosx-12.5-arm64-cpython-39/c-ares/include -I/Users/cindyguzman/.pyenv/versions/3.9.4/include/python3.9 -I/Users/cindyguzman/.pyenv/versions/3.9.4/include/python3.9 -I/private/var/folders/sk/wrsfywg14j562g067r2j8nf00000gn/T/pip-install-rg6gia1f/gevent_0fb52727099d470fb081a0a28f6f9744/deps -I/private/var/folders/sk/wrsfywg14j562g067r2j8nf00000gn/T/pip-install-rg6gia1f/gevent_0fb52727099d470fb081a0a28f6f9744/deps/c-ares/include -I/private/var/folders/sk/wrsfywg14j562g067r2j8nf00000gn/T/pip-install-rg6gia1f/gevent_0fb52727099d470fb081a0a28f6f9744/deps/c-ares/src/lib -Isrc/gevent -Isrc/gevent/libev -Isrc/gevent/resolver -I. "-I/Users/cindyguzman/Downloads/portfolio projects/Q-Cord-forked/.venv/include" -I/Users/cindyguzman/.pyenv/versions/3.9.4/include/python3.9 -c deps/c-ares/src/lib/ares_strdup.c -o build/temp.macosx-12.5-arm64-cpython-39/deps/c-ares/src/lib/ares_strdup.o -Wno-unreachable-code -Wno-deprecated-declarations -Wno-incompatible-sysroot -Wno-tautological-compare -Wno-implicit-function-declaration -Wno-unused-value -Wno-macro-redefined
      clang -Wno-unused-result -Wsign-compare -Wunreachable-code -DNDEBUG -g -fwrapv -O3 -Wall -I/Library/Developer/CommandLineTools/SDKs/MacOSX.sdk/usr/include -I/Library/Developer/CommandLineTools/SDKs/MacOSX.sdk/usr/include -DHAVE_CONFIG_H= -DCARES_EMBED=1 -Ibuild/temp.macosx-12.5-arm64-cpython-39/c-ares/include -I/Users/cindyguzman/.pyenv/versions/3.9.4/include/python3.9 -I/Users/cindyguzman/.pyenv/versions/3.9.4/include/python3.9 -I/private/var/folders/sk/wrsfywg14j562g067r2j8nf00000gn/T/pip-install-rg6gia1f/gevent_0fb52727099d470fb081a0a28f6f9744/deps -I/private/var/folders/sk/wrsfywg14j562g067r2j8nf00000gn/T/pip-install-rg6gia1f/gevent_0fb52727099d470fb081a0a28f6f9744/deps/c-ares/include -I/private/var/folders/sk/wrsfywg14j562g067r2j8nf00000gn/T/pip-install-rg6gia1f/gevent_0fb52727099d470fb081a0a28f6f9744/deps/c-ares/src/lib -Isrc/gevent -Isrc/gevent/libev -Isrc/gevent/resolver -I. "-I/Users/cindyguzman/Downloads/portfolio projects/Q-Cord-forked/.venv/include" -I/Users/cindyguzman/.pyenv/versions/3.9.4/include/python3.9 -c deps/c-ares/src/lib/ares_strerror.c -o build/temp.macosx-12.5-arm64-cpython-39/deps/c-ares/src/lib/ares_strerror.o -Wno-unreachable-code -Wno-deprecated-declarations -Wno-incompatible-sysroot -Wno-tautological-compare -Wno-implicit-function-declaration -Wno-unused-value -Wno-macro-redefined
      clang -Wno-unused-result -Wsign-compare -Wunreachable-code -DNDEBUG -g -fwrapv -O3 -Wall -I/Library/Developer/CommandLineTools/SDKs/MacOSX.sdk/usr/include -I/Library/Developer/CommandLineTools/SDKs/MacOSX.sdk/usr/include -DHAVE_CONFIG_H= -DCARES_EMBED=1 -Ibuild/temp.macosx-12.5-arm64-cpython-39/c-ares/include -I/Users/cindyguzman/.pyenv/versions/3.9.4/include/python3.9 -I/Users/cindyguzman/.pyenv/versions/3.9.4/include/python3.9 -I/private/var/folders/sk/wrsfywg14j562g067r2j8nf00000gn/T/pip-install-rg6gia1f/gevent_0fb52727099d470fb081a0a28f6f9744/deps -I/private/var/folders/sk/wrsfywg14j562g067r2j8nf00000gn/T/pip-install-rg6gia1f/gevent_0fb52727099d470fb081a0a28f6f9744/deps/c-ares/include -I/private/var/folders/sk/wrsfywg14j562g067r2j8nf00000gn/T/pip-install-rg6gia1f/gevent_0fb52727099d470fb081a0a28f6f9744/deps/c-ares/src/lib -Isrc/gevent -Isrc/gevent/libev -Isrc/gevent/resolver -I. "-I/Users/cindyguzman/Downloads/portfolio projects/Q-Cord-forked/.venv/include" -I/Users/cindyguzman/.pyenv/versions/3.9.4/include/python3.9 -c deps/c-ares/src/lib/ares_strsplit.c -o build/temp.macosx-12.5-arm64-cpython-39/deps/c-ares/src/lib/ares_strsplit.o -Wno-unreachable-code -Wno-deprecated-declarations -Wno-incompatible-sysroot -Wno-tautological-compare -Wno-implicit-function-declaration -Wno-unused-value -Wno-macro-redefined
      clang -Wno-unused-result -Wsign-compare -Wunreachable-code -DNDEBUG -g -fwrapv -O3 -Wall -I/Library/Developer/CommandLineTools/SDKs/MacOSX.sdk/usr/include -I/Library/Developer/CommandLineTools/SDKs/MacOSX.sdk/usr/include -DHAVE_CONFIG_H= -DCARES_EMBED=1 -Ibuild/temp.macosx-12.5-arm64-cpython-39/c-ares/include -I/Users/cindyguzman/.pyenv/versions/3.9.4/include/python3.9 -I/Users/cindyguzman/.pyenv/versions/3.9.4/include/python3.9 -I/private/var/folders/sk/wrsfywg14j562g067r2j8nf00000gn/T/pip-install-rg6gia1f/gevent_0fb52727099d470fb081a0a28f6f9744/deps -I/private/var/folders/sk/wrsfywg14j562g067r2j8nf00000gn/T/pip-install-rg6gia1f/gevent_0fb52727099d470fb081a0a28f6f9744/deps/c-ares/include -I/private/var/folders/sk/wrsfywg14j562g067r2j8nf00000gn/T/pip-install-rg6gia1f/gevent_0fb52727099d470fb081a0a28f6f9744/deps/c-ares/src/lib -Isrc/gevent -Isrc/gevent/libev -Isrc/gevent/resolver -I. "-I/Users/cindyguzman/Downloads/portfolio projects/Q-Cord-forked/.venv/include" -I/Users/cindyguzman/.pyenv/versions/3.9.4/include/python3.9 -c deps/c-ares/src/lib/ares_timeout.c -o build/temp.macosx-12.5-arm64-cpython-39/deps/c-ares/src/lib/ares_timeout.o -Wno-unreachable-code -Wno-deprecated-declarations -Wno-incompatible-sysroot -Wno-tautological-compare -Wno-implicit-function-declaration -Wno-unused-value -Wno-macro-redefined
      clang -Wno-unused-result -Wsign-compare -Wunreachable-code -DNDEBUG -g -fwrapv -O3 -Wall -I/Library/Developer/CommandLineTools/SDKs/MacOSX.sdk/usr/include -I/Library/Developer/CommandLineTools/SDKs/MacOSX.sdk/usr/include -DHAVE_CONFIG_H= -DCARES_EMBED=1 -Ibuild/temp.macosx-12.5-arm64-cpython-39/c-ares/include -I/Users/cindyguzman/.pyenv/versions/3.9.4/include/python3.9 -I/Users/cindyguzman/.pyenv/versions/3.9.4/include/python3.9 -I/private/var/folders/sk/wrsfywg14j562g067r2j8nf00000gn/T/pip-install-rg6gia1f/gevent_0fb52727099d470fb081a0a28f6f9744/deps -I/private/var/folders/sk/wrsfywg14j562g067r2j8nf00000gn/T/pip-install-rg6gia1f/gevent_0fb52727099d470fb081a0a28f6f9744/deps/c-ares/include -I/private/var/folders/sk/wrsfywg14j562g067r2j8nf00000gn/T/pip-install-rg6gia1f/gevent_0fb52727099d470fb081a0a28f6f9744/deps/c-ares/src/lib -Isrc/gevent -Isrc/gevent/libev -Isrc/gevent/resolver -I. "-I/Users/cindyguzman/Downloads/portfolio projects/Q-Cord-forked/.venv/include" -I/Users/cindyguzman/.pyenv/versions/3.9.4/include/python3.9 -c deps/c-ares/src/lib/ares_version.c -o build/temp.macosx-12.5-arm64-cpython-39/deps/c-ares/src/lib/ares_version.o -Wno-unreachable-code -Wno-deprecated-declarations -Wno-incompatible-sysroot -Wno-tautological-compare -Wno-implicit-function-declaration -Wno-unused-value -Wno-macro-redefined
      clang -Wno-unused-result -Wsign-compare -Wunreachable-code -DNDEBUG -g -fwrapv -O3 -Wall -I/Library/Developer/CommandLineTools/SDKs/MacOSX.sdk/usr/include -I/Library/Developer/CommandLineTools/SDKs/MacOSX.sdk/usr/include -DHAVE_CONFIG_H= -DCARES_EMBED=1 -Ibuild/temp.macosx-12.5-arm64-cpython-39/c-ares/include -I/Users/cindyguzman/.pyenv/versions/3.9.4/include/python3.9 -I/Users/cindyguzman/.pyenv/versions/3.9.4/include/python3.9 -I/private/var/folders/sk/wrsfywg14j562g067r2j8nf00000gn/T/pip-install-rg6gia1f/gevent_0fb52727099d470fb081a0a28f6f9744/deps -I/private/var/folders/sk/wrsfywg14j562g067r2j8nf00000gn/T/pip-install-rg6gia1f/gevent_0fb52727099d470fb081a0a28f6f9744/deps/c-ares/include -I/private/var/folders/sk/wrsfywg14j562g067r2j8nf00000gn/T/pip-install-rg6gia1f/gevent_0fb52727099d470fb081a0a28f6f9744/deps/c-ares/src/lib -Isrc/gevent -Isrc/gevent/libev -Isrc/gevent/resolver -I. "-I/Users/cindyguzman/Downloads/portfolio projects/Q-Cord-forked/.venv/include" -I/Users/cindyguzman/.pyenv/versions/3.9.4/include/python3.9 -c deps/c-ares/src/lib/ares_writev.c -o build/temp.macosx-12.5-arm64-cpython-39/deps/c-ares/src/lib/ares_writev.o -Wno-unreachable-code -Wno-deprecated-declarations -Wno-incompatible-sysroot -Wno-tautological-compare -Wno-implicit-function-declaration -Wno-unused-value -Wno-macro-redefined
      clang -Wno-unused-result -Wsign-compare -Wunreachable-code -DNDEBUG -g -fwrapv -O3 -Wall -I/Library/Developer/CommandLineTools/SDKs/MacOSX.sdk/usr/include -I/Library/Developer/CommandLineTools/SDKs/MacOSX.sdk/usr/include -DHAVE_CONFIG_H= -DCARES_EMBED=1 -Ibuild/temp.macosx-12.5-arm64-cpython-39/c-ares/include -I/Users/cindyguzman/.pyenv/versions/3.9.4/include/python3.9 -I/Users/cindyguzman/.pyenv/versions/3.9.4/include/python3.9 -I/private/var/folders/sk/wrsfywg14j562g067r2j8nf00000gn/T/pip-install-rg6gia1f/gevent_0fb52727099d470fb081a0a28f6f9744/deps -I/private/var/folders/sk/wrsfywg14j562g067r2j8nf00000gn/T/pip-install-rg6gia1f/gevent_0fb52727099d470fb081a0a28f6f9744/deps/c-ares/include -I/private/var/folders/sk/wrsfywg14j562g067r2j8nf00000gn/T/pip-install-rg6gia1f/gevent_0fb52727099d470fb081a0a28f6f9744/deps/c-ares/src/lib -Isrc/gevent -Isrc/gevent/libev -Isrc/gevent/resolver -I. "-I/Users/cindyguzman/Downloads/portfolio projects/Q-Cord-forked/.venv/include" -I/Users/cindyguzman/.pyenv/versions/3.9.4/include/python3.9 -c deps/c-ares/src/lib/bitncmp.c -o build/temp.macosx-12.5-arm64-cpython-39/deps/c-ares/src/lib/bitncmp.o -Wno-unreachable-code -Wno-deprecated-declarations -Wno-incompatible-sysroot -Wno-tautological-compare -Wno-implicit-function-declaration -Wno-unused-value -Wno-macro-redefined
      clang -Wno-unused-result -Wsign-compare -Wunreachable-code -DNDEBUG -g -fwrapv -O3 -Wall -I/Library/Developer/CommandLineTools/SDKs/MacOSX.sdk/usr/include -I/Library/Developer/CommandLineTools/SDKs/MacOSX.sdk/usr/include -DHAVE_CONFIG_H= -DCARES_EMBED=1 -Ibuild/temp.macosx-12.5-arm64-cpython-39/c-ares/include -I/Users/cindyguzman/.pyenv/versions/3.9.4/include/python3.9 -I/Users/cindyguzman/.pyenv/versions/3.9.4/include/python3.9 -I/private/var/folders/sk/wrsfywg14j562g067r2j8nf00000gn/T/pip-install-rg6gia1f/gevent_0fb52727099d470fb081a0a28f6f9744/deps -I/private/var/folders/sk/wrsfywg14j562g067r2j8nf00000gn/T/pip-install-rg6gia1f/gevent_0fb52727099d470fb081a0a28f6f9744/deps/c-ares/include -I/private/var/folders/sk/wrsfywg14j562g067r2j8nf00000gn/T/pip-install-rg6gia1f/gevent_0fb52727099d470fb081a0a28f6f9744/deps/c-ares/src/lib -Isrc/gevent -Isrc/gevent/libev -Isrc/gevent/resolver -I. "-I/Users/cindyguzman/Downloads/portfolio projects/Q-Cord-forked/.venv/include" -I/Users/cindyguzman/.pyenv/versions/3.9.4/include/python3.9 -c deps/c-ares/src/lib/inet_net_pton.c -o build/temp.macosx-12.5-arm64-cpython-39/deps/c-ares/src/lib/inet_net_pton.o -Wno-unreachable-code -Wno-deprecated-declarations -Wno-incompatible-sysroot -Wno-tautological-compare -Wno-implicit-function-declaration -Wno-unused-value -Wno-macro-redefined
      clang -Wno-unused-result -Wsign-compare -Wunreachable-code -DNDEBUG -g -fwrapv -O3 -Wall -I/Library/Developer/CommandLineTools/SDKs/MacOSX.sdk/usr/include -I/Library/Developer/CommandLineTools/SDKs/MacOSX.sdk/usr/include -DHAVE_CONFIG_H= -DCARES_EMBED=1 -Ibuild/temp.macosx-12.5-arm64-cpython-39/c-ares/include -I/Users/cindyguzman/.pyenv/versions/3.9.4/include/python3.9 -I/Users/cindyguzman/.pyenv/versions/3.9.4/include/python3.9 -I/private/var/folders/sk/wrsfywg14j562g067r2j8nf00000gn/T/pip-install-rg6gia1f/gevent_0fb52727099d470fb081a0a28f6f9744/deps -I/private/var/folders/sk/wrsfywg14j562g067r2j8nf00000gn/T/pip-install-rg6gia1f/gevent_0fb52727099d470fb081a0a28f6f9744/deps/c-ares/include -I/private/var/folders/sk/wrsfywg14j562g067r2j8nf00000gn/T/pip-install-rg6gia1f/gevent_0fb52727099d470fb081a0a28f6f9744/deps/c-ares/src/lib -Isrc/gevent -Isrc/gevent/libev -Isrc/gevent/resolver -I. "-I/Users/cindyguzman/Downloads/portfolio projects/Q-Cord-forked/.venv/include" -I/Users/cindyguzman/.pyenv/versions/3.9.4/include/python3.9 -c deps/c-ares/src/lib/inet_ntop.c -o build/temp.macosx-12.5-arm64-cpython-39/deps/c-ares/src/lib/inet_ntop.o -Wno-unreachable-code -Wno-deprecated-declarations -Wno-incompatible-sysroot -Wno-tautological-compare -Wno-implicit-function-declaration -Wno-unused-value -Wno-macro-redefined
      clang -Wno-unused-result -Wsign-compare -Wunreachable-code -DNDEBUG -g -fwrapv -O3 -Wall -I/Library/Developer/CommandLineTools/SDKs/MacOSX.sdk/usr/include -I/Library/Developer/CommandLineTools/SDKs/MacOSX.sdk/usr/include -DHAVE_CONFIG_H= -DCARES_EMBED=1 -Ibuild/temp.macosx-12.5-arm64-cpython-39/c-ares/include -I/Users/cindyguzman/.pyenv/versions/3.9.4/include/python3.9 -I/Users/cindyguzman/.pyenv/versions/3.9.4/include/python3.9 -I/private/var/folders/sk/wrsfywg14j562g067r2j8nf00000gn/T/pip-install-rg6gia1f/gevent_0fb52727099d470fb081a0a28f6f9744/deps -I/private/var/folders/sk/wrsfywg14j562g067r2j8nf00000gn/T/pip-install-rg6gia1f/gevent_0fb52727099d470fb081a0a28f6f9744/deps/c-ares/include -I/private/var/folders/sk/wrsfywg14j562g067r2j8nf00000gn/T/pip-install-rg6gia1f/gevent_0fb52727099d470fb081a0a28f6f9744/deps/c-ares/src/lib -Isrc/gevent -Isrc/gevent/libev -Isrc/gevent/resolver -I. "-I/Users/cindyguzman/Downloads/portfolio projects/Q-Cord-forked/.venv/include" -I/Users/cindyguzman/.pyenv/versions/3.9.4/include/python3.9 -c deps/c-ares/src/lib/windows_port.c -o build/temp.macosx-12.5-arm64-cpython-39/deps/c-ares/src/lib/windows_port.o -Wno-unreachable-code -Wno-deprecated-declarations -Wno-incompatible-sysroot -Wno-tautological-compare -Wno-implicit-function-declaration -Wno-unused-value -Wno-macro-redefined
      clang -Wno-unused-result -Wsign-compare -Wunreachable-code -DNDEBUG -g -fwrapv -O3 -Wall -I/Library/Developer/CommandLineTools/SDKs/MacOSX.sdk/usr/include -I/Library/Developer/CommandLineTools/SDKs/MacOSX.sdk/usr/include -DHAVE_CONFIG_H= -DCARES_EMBED=1 -Ibuild/temp.macosx-12.5-arm64-cpython-39/c-ares/include -I/Users/cindyguzman/.pyenv/versions/3.9.4/include/python3.9 -I/Users/cindyguzman/.pyenv/versions/3.9.4/include/python3.9 -I/private/var/folders/sk/wrsfywg14j562g067r2j8nf00000gn/T/pip-install-rg6gia1f/gevent_0fb52727099d470fb081a0a28f6f9744/deps -I/private/var/folders/sk/wrsfywg14j562g067r2j8nf00000gn/T/pip-install-rg6gia1f/gevent_0fb52727099d470fb081a0a28f6f9744/deps/c-ares/include -I/private/var/folders/sk/wrsfywg14j562g067r2j8nf00000gn/T/pip-install-rg6gia1f/gevent_0fb52727099d470fb081a0a28f6f9744/deps/c-ares/src/lib -Isrc/gevent -Isrc/gevent/libev -Isrc/gevent/resolver -I. "-I/Users/cindyguzman/Downloads/portfolio projects/Q-Cord-forked/.venv/include" -I/Users/cindyguzman/.pyenv/versions/3.9.4/include/python3.9 -c src/gevent/resolver/cares.c -o build/temp.macosx-12.5-arm64-cpython-39/src/gevent/resolver/cares.o -Wno-unreachable-code -Wno-deprecated-declarations -Wno-incompatible-sysroot -Wno-tautological-compare -Wno-implicit-function-declaration -Wno-unused-value -Wno-macro-redefined
      clang -bundle -undefined dynamic_lookup -L/opt/homebrew/opt/readline/lib -L/opt/homebrew/opt/readline/lib -L/Users/cindyguzman/.pyenv/versions/3.9.4/lib -L/opt/homebrew/lib -Wl,-rpath,/opt/homebrew/lib -L/Library/Developer/CommandLineTools/SDKs/MacOSX.sdk/usr/lib -L/opt/homebrew/opt/readline/lib -L/opt/homebrew/opt/readline/lib -L/Users/cindyguzman/.pyenv/versions/3.9.4/lib -L/opt/homebrew/lib -Wl,-rpath,/opt/homebrew/lib -L/Library/Developer/CommandLineTools/SDKs/MacOSX.sdk/usr/lib build/temp.macosx-12.5-arm64-cpython-39/deps/c-ares/src/lib/ares__close_sockets.o build/temp.macosx-12.5-arm64-cpython-39/deps/c-ares/src/lib/ares__get_hostent.o build/temp.macosx-12.5-arm64-cpython-39/deps/c-ares/src/lib/ares__parse_into_addrinfo.o build/temp.macosx-12.5-arm64-cpython-39/deps/c-ares/src/lib/ares__read_line.o build/temp.macosx-12.5-arm64-cpython-39/deps/c-ares/src/lib/ares__readaddrinfo.o build/temp.macosx-12.5-arm64-cpython-39/deps/c-ares/src/lib/ares__sortaddrinfo.o build/temp.macosx-12.5-arm64-cpython-39/deps/c-ares/src/lib/ares__timeval.o build/temp.macosx-12.5-arm64-cpython-39/deps/c-ares/src/lib/ares_android.o build/temp.macosx-12.5-arm64-cpython-39/deps/c-ares/src/lib/ares_cancel.o build/temp.macosx-12.5-arm64-cpython-39/deps/c-ares/src/lib/ares_create_query.o build/temp.macosx-12.5-arm64-cpython-39/deps/c-ares/src/lib/ares_data.o build/temp.macosx-12.5-arm64-cpython-39/deps/c-ares/src/lib/ares_destroy.o build/temp.macosx-12.5-arm64-cpython-39/deps/c-ares/src/lib/ares_expand_name.o build/temp.macosx-12.5-arm64-cpython-39/deps/c-ares/src/lib/ares_expand_string.o build/temp.macosx-12.5-arm64-cpython-39/deps/c-ares/src/lib/ares_fds.o build/temp.macosx-12.5-arm64-cpython-39/deps/c-ares/src/lib/ares_free_hostent.o build/temp.macosx-12.5-arm64-cpython-39/deps/c-ares/src/lib/ares_free_string.o build/temp.macosx-12.5-arm64-cpython-39/deps/c-ares/src/lib/ares_freeaddrinfo.o build/temp.macosx-12.5-arm64-cpython-39/deps/c-ares/src/lib/ares_getaddrinfo.o build/temp.macosx-12.5-arm64-cpython-39/deps/c-ares/src/lib/ares_getenv.o build/temp.macosx-12.5-arm64-cpython-39/deps/c-ares/src/lib/ares_gethostbyaddr.o build/temp.macosx-12.5-arm64-cpython-39/deps/c-ares/src/lib/ares_gethostbyname.o build/temp.macosx-12.5-arm64-cpython-39/deps/c-ares/src/lib/ares_getnameinfo.o build/temp.macosx-12.5-arm64-cpython-39/deps/c-ares/src/lib/ares_getsock.o build/temp.macosx-12.5-arm64-cpython-39/deps/c-ares/src/lib/ares_init.o build/temp.macosx-12.5-arm64-cpython-39/deps/c-ares/src/lib/ares_library_init.o build/temp.macosx-12.5-arm64-cpython-39/deps/c-ares/src/lib/ares_llist.o build/temp.macosx-12.5-arm64-cpython-39/deps/c-ares/src/lib/ares_mkquery.o build/temp.macosx-12.5-arm64-cpython-39/deps/c-ares/src/lib/ares_nowarn.o build/temp.macosx-12.5-arm64-cpython-39/deps/c-ares/src/lib/ares_options.o build/temp.macosx-12.5-arm64-cpython-39/deps/c-ares/src/lib/ares_parse_a_reply.o build/temp.macosx-12.5-arm64-cpython-39/deps/c-ares/src/lib/ares_parse_aaaa_reply.o build/temp.macosx-12.5-arm64-cpython-39/deps/c-ares/src/lib/ares_parse_caa_reply.o build/temp.macosx-12.5-arm64-cpython-39/deps/c-ares/src/lib/ares_parse_mx_reply.o build/temp.macosx-12.5-arm64-cpython-39/deps/c-ares/src/lib/ares_parse_naptr_reply.o build/temp.macosx-12.5-arm64-cpython-39/deps/c-ares/src/lib/ares_parse_ns_reply.o build/temp.macosx-12.5-arm64-cpython-39/deps/c-ares/src/lib/ares_parse_ptr_reply.o build/temp.macosx-12.5-arm64-cpython-39/deps/c-ares/src/lib/ares_parse_soa_reply.o build/temp.macosx-12.5-arm64-cpython-39/deps/c-ares/src/lib/ares_parse_srv_reply.o build/temp.macosx-12.5-arm64-cpython-39/deps/c-ares/src/lib/ares_parse_txt_reply.o build/temp.macosx-12.5-arm64-cpython-39/deps/c-ares/src/lib/ares_platform.o build/temp.macosx-12.5-arm64-cpython-39/deps/c-ares/src/lib/ares_process.o build/temp.macosx-12.5-arm64-cpython-39/deps/c-ares/src/lib/ares_query.o build/temp.macosx-12.5-arm64-cpython-39/deps/c-ares/src/lib/ares_search.o build/temp.macosx-12.5-arm64-cpython-39/deps/c-ares/src/lib/ares_send.o build/temp.macosx-12.5-arm64-cpython-39/deps/c-ares/src/lib/ares_strcasecmp.o build/temp.macosx-12.5-arm64-cpython-39/deps/c-ares/src/lib/ares_strdup.o build/temp.macosx-12.5-arm64-cpython-39/deps/c-ares/src/lib/ares_strerror.o build/temp.macosx-12.5-arm64-cpython-39/deps/c-ares/src/lib/ares_strsplit.o build/temp.macosx-12.5-arm64-cpython-39/deps/c-ares/src/lib/ares_timeout.o build/temp.macosx-12.5-arm64-cpython-39/deps/c-ares/src/lib/ares_version.o build/temp.macosx-12.5-arm64-cpython-39/deps/c-ares/src/lib/ares_writev.o build/temp.macosx-12.5-arm64-cpython-39/deps/c-ares/src/lib/bitncmp.o build/temp.macosx-12.5-arm64-cpython-39/deps/c-ares/src/lib/inet_net_pton.o build/temp.macosx-12.5-arm64-cpython-39/deps/c-ares/src/lib/inet_ntop.o build/temp.macosx-12.5-arm64-cpython-39/deps/c-ares/src/lib/windows_port.o build/temp.macosx-12.5-arm64-cpython-39/src/gevent/resolver/cares.o -lresolv -o build/lib.macosx-12.5-arm64-cpython-39/gevent/resolver/cares.cpython-39-darwin.so
      ld: warning: duplicate -rpath '/opt/homebrew/lib' ignored
      building 'gevent._gevent_c_greenlet_primitives' extension
      clang -Wno-unused-result -Wsign-compare -Wunreachable-code -DNDEBUG -g -fwrapv -O3 -Wall -I/Library/Developer/CommandLineTools/SDKs/MacOSX.sdk/usr/include -I/Library/Developer/CommandLineTools/SDKs/MacOSX.sdk/usr/include -I/Users/cindyguzman/.pyenv/versions/3.9.4/include/python3.9 -I/Users/cindyguzman/.pyenv/versions/3.9.4/include/python3.9 -I/private/var/folders/sk/wrsfywg14j562g067r2j8nf00000gn/T/pip-install-rg6gia1f/gevent_0fb52727099d470fb081a0a28f6f9744/deps -Isrc/gevent -Isrc/gevent/libev -Isrc/gevent/resolver -I. "-I/Users/cindyguzman/Downloads/portfolio projects/Q-Cord-forked/.venv/include" -I/Users/cindyguzman/.pyenv/versions/3.9.4/include/python3.9 -c src/gevent/_greenlet_primitives.c -o build/temp.macosx-12.5-arm64-cpython-39/src/gevent/_greenlet_primitives.o -Wno-unreachable-code -Wno-deprecated-declarations -Wno-incompatible-sysroot -Wno-tautological-compare -Wno-implicit-function-declaration -Wno-unused-value -Wno-macro-redefined
      clang -bundle -undefined dynamic_lookup -L/opt/homebrew/opt/readline/lib -L/opt/homebrew/opt/readline/lib -L/Users/cindyguzman/.pyenv/versions/3.9.4/lib -L/opt/homebrew/lib -Wl,-rpath,/opt/homebrew/lib -L/Library/Developer/CommandLineTools/SDKs/MacOSX.sdk/usr/lib -L/opt/homebrew/opt/readline/lib -L/opt/homebrew/opt/readline/lib -L/Users/cindyguzman/.pyenv/versions/3.9.4/lib -L/opt/homebrew/lib -Wl,-rpath,/opt/homebrew/lib -L/Library/Developer/CommandLineTools/SDKs/MacOSX.sdk/usr/lib build/temp.macosx-12.5-arm64-cpython-39/src/gevent/_greenlet_primitives.o -o build/lib.macosx-12.5-arm64-cpython-39/gevent/_gevent_c_greenlet_primitives.cpython-39-darwin.so
      ld: warning: duplicate -rpath '/opt/homebrew/lib' ignored
      building 'gevent._gevent_c_hub_primitives' extension
      clang -Wno-unused-result -Wsign-compare -Wunreachable-code -DNDEBUG -g -fwrapv -O3 -Wall -I/Library/Developer/CommandLineTools/SDKs/MacOSX.sdk/usr/include -I/Library/Developer/CommandLineTools/SDKs/MacOSX.sdk/usr/include -I/Users/cindyguzman/.pyenv/versions/3.9.4/include/python3.9 -I/Users/cindyguzman/.pyenv/versions/3.9.4/include/python3.9 -I/private/var/folders/sk/wrsfywg14j562g067r2j8nf00000gn/T/pip-install-rg6gia1f/gevent_0fb52727099d470fb081a0a28f6f9744/deps -Isrc/gevent -Isrc/gevent/libev -Isrc/gevent/resolver -I. "-I/Users/cindyguzman/Downloads/portfolio projects/Q-Cord-forked/.venv/include" -I/Users/cindyguzman/.pyenv/versions/3.9.4/include/python3.9 -c src/gevent/_hub_primitives.c -o build/temp.macosx-12.5-arm64-cpython-39/src/gevent/_hub_primitives.o -Wno-unreachable-code -Wno-deprecated-declarations -Wno-incompatible-sysroot -Wno-tautological-compare -Wno-implicit-function-declaration -Wno-unused-value -Wno-macro-redefined
      clang -bundle -undefined dynamic_lookup -L/opt/homebrew/opt/readline/lib -L/opt/homebrew/opt/readline/lib -L/Users/cindyguzman/.pyenv/versions/3.9.4/lib -L/opt/homebrew/lib -Wl,-rpath,/opt/homebrew/lib -L/Library/Developer/CommandLineTools/SDKs/MacOSX.sdk/usr/lib -L/opt/homebrew/opt/readline/lib -L/opt/homebrew/opt/readline/lib -L/Users/cindyguzman/.pyenv/versions/3.9.4/lib -L/opt/homebrew/lib -Wl,-rpath,/opt/homebrew/lib -L/Library/Developer/CommandLineTools/SDKs/MacOSX.sdk/usr/lib build/temp.macosx-12.5-arm64-cpython-39/src/gevent/_hub_primitives.o -o build/lib.macosx-12.5-arm64-cpython-39/gevent/_gevent_c_hub_primitives.cpython-39-darwin.so
      ld: warning: duplicate -rpath '/opt/homebrew/lib' ignored
      building 'gevent._gevent_c_hub_local' extension
      clang -Wno-unused-result -Wsign-compare -Wunreachable-code -DNDEBUG -g -fwrapv -O3 -Wall -I/Library/Developer/CommandLineTools/SDKs/MacOSX.sdk/usr/include -I/Library/Developer/CommandLineTools/SDKs/MacOSX.sdk/usr/include -I/Users/cindyguzman/.pyenv/versions/3.9.4/include/python3.9 -I/Users/cindyguzman/.pyenv/versions/3.9.4/include/python3.9 -I/private/var/folders/sk/wrsfywg14j562g067r2j8nf00000gn/T/pip-install-rg6gia1f/gevent_0fb52727099d470fb081a0a28f6f9744/deps -Isrc/gevent -Isrc/gevent/libev -Isrc/gevent/resolver -I. "-I/Users/cindyguzman/Downloads/portfolio projects/Q-Cord-forked/.venv/include" -I/Users/cindyguzman/.pyenv/versions/3.9.4/include/python3.9 -c src/gevent/_hub_local.c -o build/temp.macosx-12.5-arm64-cpython-39/src/gevent/_hub_local.o -Wno-unreachable-code -Wno-deprecated-declarations -Wno-incompatible-sysroot -Wno-tautological-compare -Wno-implicit-function-declaration -Wno-unused-value -Wno-macro-redefined
      clang -bundle -undefined dynamic_lookup -L/opt/homebrew/opt/readline/lib -L/opt/homebrew/opt/readline/lib -L/Users/cindyguzman/.pyenv/versions/3.9.4/lib -L/opt/homebrew/lib -Wl,-rpath,/opt/homebrew/lib -L/Library/Developer/CommandLineTools/SDKs/MacOSX.sdk/usr/lib -L/opt/homebrew/opt/readline/lib -L/opt/homebrew/opt/readline/lib -L/Users/cindyguzman/.pyenv/versions/3.9.4/lib -L/opt/homebrew/lib -Wl,-rpath,/opt/homebrew/lib -L/Library/Developer/CommandLineTools/SDKs/MacOSX.sdk/usr/lib build/temp.macosx-12.5-arm64-cpython-39/src/gevent/_hub_local.o -o build/lib.macosx-12.5-arm64-cpython-39/gevent/_gevent_c_hub_local.cpython-39-darwin.so
      ld: warning: duplicate -rpath '/opt/homebrew/lib' ignored
      building 'gevent._gevent_c_waiter' extension
      clang -Wno-unused-result -Wsign-compare -Wunreachable-code -DNDEBUG -g -fwrapv -O3 -Wall -I/Library/Developer/CommandLineTools/SDKs/MacOSX.sdk/usr/include -I/Library/Developer/CommandLineTools/SDKs/MacOSX.sdk/usr/include -I/Users/cindyguzman/.pyenv/versions/3.9.4/include/python3.9 -I/Users/cindyguzman/.pyenv/versions/3.9.4/include/python3.9 -I/private/var/folders/sk/wrsfywg14j562g067r2j8nf00000gn/T/pip-install-rg6gia1f/gevent_0fb52727099d470fb081a0a28f6f9744/deps -Isrc/gevent -Isrc/gevent/libev -Isrc/gevent/resolver -I. "-I/Users/cindyguzman/Downloads/portfolio projects/Q-Cord-forked/.venv/include" -I/Users/cindyguzman/.pyenv/versions/3.9.4/include/python3.9 -c src/gevent/_waiter.c -o build/temp.macosx-12.5-arm64-cpython-39/src/gevent/_waiter.o -Wno-unreachable-code -Wno-deprecated-declarations -Wno-incompatible-sysroot -Wno-tautological-compare -Wno-implicit-function-declaration -Wno-unused-value -Wno-macro-redefined
      clang -bundle -undefined dynamic_lookup -L/opt/homebrew/opt/readline/lib -L/opt/homebrew/opt/readline/lib -L/Users/cindyguzman/.pyenv/versions/3.9.4/lib -L/opt/homebrew/lib -Wl,-rpath,/opt/homebrew/lib -L/Library/Developer/CommandLineTools/SDKs/MacOSX.sdk/usr/lib -L/opt/homebrew/opt/readline/lib -L/opt/homebrew/opt/readline/lib -L/Users/cindyguzman/.pyenv/versions/3.9.4/lib -L/opt/homebrew/lib -Wl,-rpath,/opt/homebrew/lib -L/Library/Developer/CommandLineTools/SDKs/MacOSX.sdk/usr/lib build/temp.macosx-12.5-arm64-cpython-39/src/gevent/_waiter.o -o build/lib.macosx-12.5-arm64-cpython-39/gevent/_gevent_c_waiter.cpython-39-darwin.so
      ld: warning: duplicate -rpath '/opt/homebrew/lib' ignored
      building 'gevent._gevent_cgreenlet' extension
      clang -Wno-unused-result -Wsign-compare -Wunreachable-code -DNDEBUG -g -fwrapv -O3 -Wall -I/Library/Developer/CommandLineTools/SDKs/MacOSX.sdk/usr/include -I/Library/Developer/CommandLineTools/SDKs/MacOSX.sdk/usr/include -I/Users/cindyguzman/.pyenv/versions/3.9.4/include/python3.9 -I/Users/cindyguzman/.pyenv/versions/3.9.4/include/python3.9 -I/private/var/folders/sk/wrsfywg14j562g067r2j8nf00000gn/T/pip-install-rg6gia1f/gevent_0fb52727099d470fb081a0a28f6f9744/deps -Isrc/gevent -Isrc/gevent/libev -Isrc/gevent/resolver -I. "-I/Users/cindyguzman/Downloads/portfolio projects/Q-Cord-forked/.venv/include" -I/Users/cindyguzman/.pyenv/versions/3.9.4/include/python3.9 -c src/gevent/greenlet.c -o build/temp.macosx-12.5-arm64-cpython-39/src/gevent/greenlet.o -Wno-unreachable-code -Wno-deprecated-declarations -Wno-incompatible-sysroot -Wno-tautological-compare -Wno-implicit-function-declaration -Wno-unused-value -Wno-macro-redefined
      src/gevent/greenlet.c:5530:27: error: no member named 'parent' in 'struct _greenlet'
        __pyx_t_1 = (__pyx_v_s->parent != NULL);
                     ~~~~~~~~~  ^
      src/gevent/greenlet.c:5541:42: error: no member named 'parent' in 'struct _greenlet'
          __Pyx_INCREF(((PyObject *)__pyx_v_s->parent));
                                    ~~~~~~~~~  ^
      ./src/gevent/_generated_include/Refnanny_proto_5324c7266766d5891ee9dd66731059ef4d92e8ea.h:55:37: note: expanded from macro '__Pyx_INCREF'
        #define __Pyx_INCREF(r) Py_INCREF(r)
                                          ^
      /Users/cindyguzman/.pyenv/versions/3.9.4/include/python3.9/object.h:411:49: note: expanded from macro 'Py_INCREF'
      #define Py_INCREF(op) _Py_INCREF(_PyObject_CAST(op))
                                                      ^~
      /Users/cindyguzman/.pyenv/versions/3.9.4/include/python3.9/object.h:112:41: note: expanded from macro '_PyObject_CAST'
      #define _PyObject_CAST(op) ((PyObject*)(op))
                                              ^~
      src/gevent/greenlet.c:5542:39: error: no member named 'parent' in 'struct _greenlet'
          __pyx_r = ((PyObject *)__pyx_v_s->parent);
                                 ~~~~~~~~~  ^
      src/gevent/greenlet.c:5594:27: error: no member named 'parent' in 'struct _greenlet'
        __pyx_t_1 = (__pyx_v_s->parent != NULL);
                     ~~~~~~~~~  ^
      src/gevent/greenlet.c:5605:44: error: no member named 'parent' in 'struct _greenlet'
          if (!(likely(((((PyObject *)__pyx_v_s->parent)) == Py_None) || likely(__Pyx_TypeTest(((PyObject *)__pyx_v_s->parent), __pyx_ptype_6gevent_29_gevent_c_greenlet_primitives_SwitchOutGreenletWithLoop))))) __PYX_ERR(4, 45, __pyx_L1_error)
                                      ~~~~~~~~~  ^
      src/gevent/greenlet.c:1475:43: note: expanded from macro 'likely'
        #define likely(x)   __builtin_expect(!!(x), 1)
                                                ^
      src/gevent/greenlet.c:5605:114: error: no member named 'parent' in 'struct _greenlet'
          if (!(likely(((((PyObject *)__pyx_v_s->parent)) == Py_None) || likely(__Pyx_TypeTest(((PyObject *)__pyx_v_s->parent), __pyx_ptype_6gevent_29_gevent_c_greenlet_primitives_SwitchOutGreenletWithLoop))))) __PYX_ERR(4, 45, __pyx_L1_error)
                                                                                                            ~~~~~~~~~  ^
      src/gevent/greenlet.c:1475:43: note: expanded from macro 'likely'
        #define likely(x)   __builtin_expect(!!(x), 1)
                                                ^
      src/gevent/greenlet.c:1475:43: note: expanded from macro 'likely'
        #define likely(x)   __builtin_expect(!!(x), 1)
                                                ^
      src/gevent/greenlet.c:5606:42: error: no member named 'parent' in 'struct _greenlet'
          __Pyx_INCREF(((PyObject *)__pyx_v_s->parent));
                                    ~~~~~~~~~  ^
      ./src/gevent/_generated_include/Refnanny_proto_5324c7266766d5891ee9dd66731059ef4d92e8ea.h:55:37: note: expanded from macro '__Pyx_INCREF'
        #define __Pyx_INCREF(r) Py_INCREF(r)
                                          ^
      /Users/cindyguzman/.pyenv/versions/3.9.4/include/python3.9/object.h:411:49: note: expanded from macro 'Py_INCREF'
      #define Py_INCREF(op) _Py_INCREF(_PyObject_CAST(op))
                                                      ^~
      /Users/cindyguzman/.pyenv/versions/3.9.4/include/python3.9/object.h:112:41: note: expanded from macro '_PyObject_CAST'
      #define _PyObject_CAST(op) ((PyObject*)(op))
                                              ^~
      src/gevent/greenlet.c:5607:126: error: no member named 'parent' in 'struct _greenlet'
          __pyx_r = ((struct __pyx_obj_6gevent_29_gevent_c_greenlet_primitives_SwitchOutGreenletWithLoop *)((PyObject *)__pyx_v_s->parent));
                                                                                                                        ~~~~~~~~~  ^
      8 errors generated.
      error: command '/usr/bin/clang' failed with exit code 1
      [end of output]
  
  note: This error originates from a subprocess, and is likely not a problem with pip.
  ERROR: Failed building wheel for gevent
Failed to build gevent
ERROR: Could not build wheels for gevent, which is required to install pyproject.toml-based projects
